......
Connected to Home889
IP address: 192.168.1.34
192.168.1.34HTTP server started
D0!
DEBUG (radius):: 1000 D7!
DEBUG (radius, decision, start_x, start_y, x_increment, y_increment, current_slope, independent, dependent, decision factor, ((float)PI/2.0 - abs(current_slope))), decision(if):: 1000 -1997.00 0 1000 0 0 1.57 0 1000 1 0.00 1
X, Y:: 1 1000
X, Y:: 2 1000
X, Y:: 3 1000
X, Y:: 4 1000
X, Y:: 5 1000
X, Y:: 6 1000
X, Y:: 7 1000
X, Y:: 8 1000
X, Y:: 9 1000
X, Y:: 10 1000
X, Y:: 11 1000
X, Y:: 12 1000
X, Y:: 13 1000
X, Y:: 14 1000
X, Y:: 15 1000
X, Y:: 16 1000
X, Y:: 17 1000
X, Y:: 18 1000
X, Y:: 19 1000
X, Y:: 20 1000
X, Y:: 21 1000
X, Y:: 22 1000
X, Y:: 23 1000
X, Y:: 24 1000
X, Y:: 25 1000
X, Y:: 26 1000
X, Y:: 27 1000
X, Y:: 28 1000
X, Y:: 29 1000
X, Y:: 30 1000
X, Y:: 31 1000
X, Y:: 32 999
X, Y:: 33 999
X, Y:: 34 999
X, Y:: 35 999
X, Y:: 36 999
X, Y:: 37 999
X, Y:: 38 999
X, Y:: 39 999
X, Y:: 40 999
X, Y:: 41 999
X, Y:: 42 999
X, Y:: 43 999
X, Y:: 44 999
X, Y:: 45 999
X, Y:: 46 999
X, Y:: 47 999
X, Y:: 48 999
X, Y:: 49 999
X, Y:: 50 999
X, Y:: 51 999
X, Y:: 52 999
X, Y:: 53 999
X, Y:: 54 999
X, Y:: 55 998
X, Y:: 56 998
X, Y:: 57 998
X, Y:: 58 998
X, Y:: 59 998
X, Y:: 60 998
X, Y:: 61 998
X, Y:: 62 998
X, Y:: 63 998
X, Y:: 64 998
X, Y:: 65 998
X, Y:: 66 998
X, Y:: 67 998
X, Y:: 68 998
X, Y:: 69 998
X, Y:: 70 998
X, Y:: 71 997
X, Y:: 72 997
X, Y:: 73 997
X, Y:: 74 997
X, Y:: 75 997
X, Y:: 76 997
X, Y:: 77 997
X, Y:: 78 997
X, Y:: 79 997
X, Y:: 80 997
X, Y:: 81 997
X, Y:: 82 997
X, Y:: 83 997
X, Y:: 84 996
X, Y:: 85 996
X, Y:: 86 996
X, Y:: 87 996
X, Y:: 88 996
X, Y:: 89 996
X, Y:: 90 996
X, Y:: 91 996
X, Y:: 92 996
X, Y:: 93 996
X, Y:: 94 996
X, Y:: 95 995
X, Y:: 96 995
X, Y:: 97 995
X, Y:: 98 995
X, Y:: 99 995
X, Y:: 100 995
X, Y:: 101 995
X, Y:: 102 995
X, Y:: 103 995
X, Y:: 104 995
X, Y:: 105 994
X, Y:: 106 994
X, Y:: 107 994
X, Y:: 108 994
X, Y:: 109 994
X, Y:: 110 994
X, Y:: 111 994
X, Y:: 112 994
X, Y:: 113 994
X, Y:: 114 993
X, Y:: 115 993
X, Y:: 116 993
X, Y:: 117 993
X, Y:: 118 993
X, Y:: 119 993
X, Y:: 120 993
X, Y:: 121 993
X, Y:: 122 993
X, Y:: 123 992
X, Y:: 124 992
X, Y:: 125 992
X, Y:: 126 992
X, Y:: 127 992
X, Y:: 128 992
X, Y:: 129 992
X, Y:: 130 992
X, Y:: 131 991
X, Y:: 132 991
X, Y:: 133 991
X, Y:: 134 991
X, Y:: 135 991
X, Y:: 136 991
X, Y:: 137 991
X, Y:: 138 990
X, Y:: 139 990
X, Y:: 140 990
X, Y:: 141 990
X, Y:: 142 990
X, Y:: 143 990
X, Y:: 144 990
X, Y:: 145 989
X, Y:: 146 989
X, Y:: 147 989
X, Y:: 148 989
X, Y:: 149 989
X, Y:: 150 989
X, Y:: 151 989
X, Y:: 152 988
X, Y:: 153 988
X, Y:: 154 988
X, Y:: 155 988
X, Y:: 156 988
X, Y:: 157 988
X, Y:: 158 987
X, Y:: 159 987
X, Y:: 160 987
X, Y:: 161 987
X, Y:: 162 987
X, Y:: 163 987
X, Y:: 164 986
X, Y:: 165 986
X, Y:: 166 986
X, Y:: 167 986
X, Y:: 168 986
X, Y:: 169 986
X, Y:: 170 985
X, Y:: 171 985
X, Y:: 172 985
X, Y:: 173 985
X, Y:: 174 985
X, Y:: 175 985
X, Y:: 176 984
X, Y:: 177 984
X, Y:: 178 984
X, Y:: 179 984
X, Y:: 180 984
X, Y:: 181 983
X, Y:: 182 983
X, Y:: 183 983
X, Y:: 184 983
X, Y:: 185 983
X, Y:: 186 983
X, Y:: 187 982
X, Y:: 188 982
X, Y:: 189 982
X, Y:: 190 982
X, Y:: 191 982
X, Y:: 192 981
X, Y:: 193 981
X, Y:: 194 981
X, Y:: 195 981
X, Y:: 196 981
X, Y:: 197 980
X, Y:: 198 980
X, Y:: 199 980
X, Y:: 200 980
X, Y:: 201 980
X, Y:: 202 979
X, Y:: 203 979
X, Y:: 204 979
X, Y:: 205 979
X, Y:: 206 979
X, Y:: 207 978
X, Y:: 208 978
X, Y:: 209 978
X, Y:: 210 978
X, Y:: 211 977
X, Y:: 212 977
X, Y:: 213 977
X, Y:: 214 977
X, Y:: 215 977
X, Y:: 216 976
X, Y:: 217 976
X, Y:: 218 976
X, Y:: 219 976
X, Y:: 220 975
X, Y:: 221 975
X, Y:: 222 975
X, Y:: 223 975
X, Y:: 224 975
X, Y:: 225 974
X, Y:: 226 974
X, Y:: 227 974
X, Y:: 228 974
X, Y:: 229 973
X, Y:: 230 973
X, Y:: 231 973
X, Y:: 232 973
X, Y:: 233 972
X, Y:: 234 972
X, Y:: 235 972
X, Y:: 236 972
X, Y:: 237 972
X, Y:: 238 971
X, Y:: 239 971
X, Y:: 240 971
X, Y:: 241 971
X, Y:: 242 970
X, Y:: 243 970
X, Y:: 244 970
X, Y:: 245 970
X, Y:: 246 969
X, Y:: 247 969
X, Y:: 248 969
X, Y:: 249 969
X, Y:: 250 968
X, Y:: 251 968
X, Y:: 252 968
X, Y:: 253 967
X, Y:: 254 967
X, Y:: 255 967
X, Y:: 256 967
X, Y:: 257 966
X, Y:: 258 966
X, Y:: 259 966
X, Y:: 260 966
X, Y:: 261 965
X, Y:: 262 965
X, Y:: 263 965
X, Y:: 264 965
X, Y:: 265 964
X, Y:: 266 964
X, Y:: 267 964
X, Y:: 268 963
X, Y:: 269 963
X, Y:: 270 963
X, Y:: 271 963
X, Y:: 272 962
X, Y:: 273 962
X, Y:: 274 962
X, Y:: 275 961
X, Y:: 276 961
X, Y:: 277 961
X, Y:: 278 961
X, Y:: 279 960
X, Y:: 280 960
X, Y:: 281 960
X, Y:: 282 959
X, Y:: 283 959
X, Y:: 284 959
X, Y:: 285 959
X, Y:: 286 958
X, Y:: 287 958
X, Y:: 288 958
X, Y:: 289 957
X, Y:: 290 957
X, Y:: 291 957
X, Y:: 292 956
X, Y:: 293 956
X, Y:: 294 956
X, Y:: 295 955
X, Y:: 296 955
X, Y:: 297 955
X, Y:: 298 955
X, Y:: 299 954
X, Y:: 300 954
X, Y:: 301 954
X, Y:: 302 953
X, Y:: 303 953
X, Y:: 304 953
X, Y:: 305 952
X, Y:: 306 952
X, Y:: 307 952
X, Y:: 308 951
X, Y:: 309 951
X, Y:: 310 951
X, Y:: 311 950
X, Y:: 312 950
X, Y:: 313 950
X, Y:: 314 949
X, Y:: 315 949
X, Y:: 316 949
X, Y:: 317 948
X, Y:: 318 948
X, Y:: 319 948
X, Y:: 320 947
X, Y:: 321 947
X, Y:: 322 947
X, Y:: 323 946
X, Y:: 324 946
X, Y:: 325 946
X, Y:: 326 945
X, Y:: 327 945
X, Y:: 328 945
X, Y:: 329 944
X, Y:: 330 944
X, Y:: 331 944
X, Y:: 332 943
X, Y:: 333 943
X, Y:: 334 943
X, Y:: 335 942
X, Y:: 336 942
X, Y:: 337 942
X, Y:: 338 941
X, Y:: 339 941
X, Y:: 340 940
X, Y:: 341 940
X, Y:: 342 940
X, Y:: 343 939
X, Y:: 344 939
X, Y:: 345 939
X, Y:: 346 938
X, Y:: 347 938
X, Y:: 348 937
X, Y:: 349 937
X, Y:: 350 937
X, Y:: 351 936
X, Y:: 352 936
X, Y:: 353 936
X, Y:: 354 935
X, Y:: 355 935
X, Y:: 356 934
X, Y:: 357 934
X, Y:: 358 934
X, Y:: 359 933
X, Y:: 360 933
X, Y:: 361 933
X, Y:: 362 932
X, Y:: 363 932
X, Y:: 364 931
X, Y:: 365 931
X, Y:: 366 931
X, Y:: 367 930
X, Y:: 368 930
X, Y:: 369 929
X, Y:: 370 929
X, Y:: 371 929
X, Y:: 372 928
X, Y:: 373 928
X, Y:: 374 927
X, Y:: 375 927
X, Y:: 376 927
X, Y:: 377 926
X, Y:: 378 926
X, Y:: 379 925
X, Y:: 380 925
X, Y:: 381 925
X, Y:: 382 924
X, Y:: 383 924
X, Y:: 384 923
X, Y:: 385 923
X, Y:: 386 922
X, Y:: 387 922
X, Y:: 388 922
X, Y:: 389 921
X, Y:: 390 921
X, Y:: 391 920
X, Y:: 392 920
X, Y:: 393 920
X, Y:: 394 919
X, Y:: 395 919
X, Y:: 396 918
X, Y:: 397 918
X, Y:: 398 917
X, Y:: 399 917
X, Y:: 400 917
X, Y:: 401 916
X, Y:: 402 916
X, Y:: 403 915
X, Y:: 404 915
X, Y:: 405 914
X, Y:: 406 914
X, Y:: 407 913
X, Y:: 408 913
X, Y:: 409 913
X, Y:: 410 912
X, Y:: 411 912
X, Y:: 412 911
X, Y:: 413 911
X, Y:: 414 910
X, Y:: 415 910
X, Y:: 416 909
X, Y:: 417 909
X, Y:: 418 908
X, Y:: 419 908
X, Y:: 420 908
X, Y:: 421 907
X, Y:: 422 907
X, Y:: 423 906
X, Y:: 424 906
X, Y:: 425 905
X, Y:: 426 905
X, Y:: 427 904
X, Y:: 428 904
X, Y:: 429 903
X, Y:: 430 903
X, Y:: 431 902
X, Y:: 432 902
X, Y:: 433 901
X, Y:: 434 901
X, Y:: 435 900
X, Y:: 436 900
X, Y:: 437 899
X, Y:: 438 899
X, Y:: 439 898
X, Y:: 440 898
X, Y:: 441 898
X, Y:: 442 897
X, Y:: 443 897
X, Y:: 444 896
X, Y:: 445 896
X, Y:: 446 895
X, Y:: 447 895
X, Y:: 448 894
X, Y:: 449 894
X, Y:: 450 893
X, Y:: 451 893
X, Y:: 452 892
X, Y:: 453 892
X, Y:: 454 891
X, Y:: 455 890
X, Y:: 456 890
X, Y:: 457 889
X, Y:: 458 889
X, Y:: 459 888
X, Y:: 460 888
X, Y:: 461 887
X, Y:: 462 887
X, Y:: 463 886
X, Y:: 464 886
X, Y:: 465 885
X, Y:: 466 885
X, Y:: 467 884
X, Y:: 468 884
X, Y:: 469 883
X, Y:: 470 883
X, Y:: 471 882
X, Y:: 472 882
X, Y:: 473 881
X, Y:: 474 881
X, Y:: 475 880
X, Y:: 476 879
X, Y:: 477 879
X, Y:: 478 878
X, Y:: 479 878
X, Y:: 480 877
X, Y:: 481 877
X, Y:: 482 876
X, Y:: 483 876
X, Y:: 484 875
X, Y:: 485 875
X, Y:: 486 874
X, Y:: 487 873
X, Y:: 488 873
X, Y:: 489 872
X, Y:: 490 872
X, Y:: 491 871
X, Y:: 492 871
X, Y:: 493 870
X, Y:: 494 869
X, Y:: 495 869
X, Y:: 496 868
X, Y:: 497 868
X, Y:: 498 867
X, Y:: 499 867
X, Y:: 500 866
X, Y:: 501 865
X, Y:: 502 865
X, Y:: 503 864
X, Y:: 504 864
X, Y:: 505 863
X, Y:: 506 863
X, Y:: 507 862
X, Y:: 508 861
X, Y:: 509 861
X, Y:: 510 860
X, Y:: 511 860
X, Y:: 512 859
X, Y:: 513 858
X, Y:: 514 858
X, Y:: 515 857
X, Y:: 516 857
X, Y:: 517 856
X, Y:: 518 855
X, Y:: 519 855
X, Y:: 520 854
X, Y:: 521 854
X, Y:: 522 853
X, Y:: 523 852
X, Y:: 524 852
X, Y:: 525 851
X, Y:: 526 850
X, Y:: 527 850
X, Y:: 528 849
X, Y:: 529 849
X, Y:: 530 848
X, Y:: 531 847
X, Y:: 532 847
X, Y:: 533 846
X, Y:: 534 845
X, Y:: 535 845
X, Y:: 536 844
X, Y:: 537 844
X, Y:: 538 843
X, Y:: 539 842
X, Y:: 540 842
X, Y:: 541 841
X, Y:: 542 840
X, Y:: 543 840
X, Y:: 544 839
X, Y:: 545 838
X, Y:: 546 838
X, Y:: 547 837
X, Y:: 548 836
X, Y:: 549 836
X, Y:: 550 835
X, Y:: 551 835
X, Y:: 552 834
X, Y:: 553 833
X, Y:: 554 833
X, Y:: 555 832
X, Y:: 556 831
X, Y:: 557 831
X, Y:: 558 830
X, Y:: 559 829
X, Y:: 560 828
X, Y:: 561 828
X, Y:: 562 827
X, Y:: 563 826
X, Y:: 564 826
X, Y:: 565 825
X, Y:: 566 824
X, Y:: 567 824
X, Y:: 568 823
X, Y:: 569 822
X, Y:: 570 822
X, Y:: 571 821
X, Y:: 572 820
X, Y:: 573 820
X, Y:: 574 819
X, Y:: 575 818
X, Y:: 576 817
X, Y:: 577 817
X, Y:: 578 816
X, Y:: 579 815
X, Y:: 580 815
X, Y:: 581 814
X, Y:: 582 813
X, Y:: 583 812
X, Y:: 584 812
X, Y:: 585 811
X, Y:: 586 810
X, Y:: 587 810
X, Y:: 588 809
X, Y:: 589 808
X, Y:: 590 807
X, Y:: 591 807
X, Y:: 592 806
X, Y:: 593 805
X, Y:: 594 804
X, Y:: 595 804
X, Y:: 596 803
X, Y:: 597 802
X, Y:: 598 801
X, Y:: 599 801
X, Y:: 600 800
X, Y:: 601 799
X, Y:: 602 798
X, Y:: 603 798
X, Y:: 604 797
X, Y:: 605 796
X, Y:: 606 795
X, Y:: 607 795
X, Y:: 608 794
X, Y:: 609 793
X, Y:: 610 792
X, Y:: 611 792
X, Y:: 612 791
X, Y:: 613 790
X, Y:: 614 789
X, Y:: 615 789
X, Y:: 616 788
X, Y:: 617 787
X, Y:: 618 786
X, Y:: 619 785
X, Y:: 620 785
X, Y:: 621 784
X, Y:: 622 783
X, Y:: 623 782
X, Y:: 624 781
X, Y:: 625 781
X, Y:: 626 780
X, Y:: 627 779
X, Y:: 628 778
X, Y:: 629 777
X, Y:: 630 777
X, Y:: 631 776
X, Y:: 632 775
X, Y:: 633 774
X, Y:: 634 773
X, Y:: 635 773
X, Y:: 636 772
X, Y:: 637 771
X, Y:: 638 770
X, Y:: 639 769
X, Y:: 640 768
X, Y:: 641 768
X, Y:: 642 767
X, Y:: 643 766
X, Y:: 644 765
X, Y:: 645 764
X, Y:: 646 763
X, Y:: 647 762
X, Y:: 648 762
X, Y:: 649 761
X, Y:: 650 760
X, Y:: 651 759
X, Y:: 652 758
X, Y:: 653 757
X, Y:: 654 756
X, Y:: 655 756
X, Y:: 656 755
X, Y:: 657 754
X, Y:: 658 753
X, Y:: 659 752
X, Y:: 660 751
X, Y:: 661 750
X, Y:: 662 750
X, Y:: 663 749
X, Y:: 664 748
X, Y:: 665 747
X, Y:: 666 746
X, Y:: 667 745
X, Y:: 668 744
X, Y:: 669 743
X, Y:: 670 742
X, Y:: 671 741
X, Y:: 672 741
X, Y:: 673 740
X, Y:: 674 739
X, Y:: 675 738
X, Y:: 676 737
X, Y:: 677 736
X, Y:: 678 735
X, Y:: 679 734
X, Y:: 680 733
X, Y:: 681 732
X, Y:: 682 731
X, Y:: 683 730
X, Y:: 684 729
X, Y:: 685 729
X, Y:: 686 728
X, Y:: 687 727
X, Y:: 688 726
X, Y:: 689 725
X, Y:: 690 724
X, Y:: 691 723
X, Y:: 692 722
X, Y:: 693 721
X, Y:: 694 720
X, Y:: 695 719
X, Y:: 696 718
X, Y:: 697 717
X, Y:: 698 716
X, Y:: 699 715
X, Y:: 700 714
X, Y:: 701 713
X, Y:: 702 712
X, Y:: 703 711
X, Y:: 704 710
X, Y:: 705 709
X, Y:: 706 708
X, Y:: 707 707
X, Y:: 708 706
D7!
DEBUG (radius, decision, start_x, start_y, x_increment, y_increment, current_slope, independent, dependent, decision factor, ((float)PI/2.0 - abs(current_slope))), decision(if):: 1000 -2005.00 708 706 0 0 0.78 706 708 -1 0.79 0
X, Y:: 709 705
X, Y:: 710 704
X, Y:: 711 703
X, Y:: 712 702
X, Y:: 713 701
X, Y:: 714 700
X, Y:: 715 699
X, Y:: 716 698
X, Y:: 717 697
X, Y:: 718 696
X, Y:: 719 695
X, Y:: 720 694
X, Y:: 721 693
X, Y:: 722 692
X, Y:: 723 691
X, Y:: 724 690
X, Y:: 725 689
X, Y:: 726 688
X, Y:: 727 687
X, Y:: 728 686
X, Y:: 729 685
X, Y:: 729 684
X, Y:: 730 683
X, Y:: 731 682
X, Y:: 732 681
X, Y:: 733 680
X, Y:: 734 679
X, Y:: 735 678
X, Y:: 736 677
X, Y:: 737 676
X, Y:: 738 675
X, Y:: 739 674
X, Y:: 740 673
X, Y:: 741 672
X, Y:: 741 671
X, Y:: 742 670
X, Y:: 743 669
X, Y:: 744 668
X, Y:: 745 667
X, Y:: 746 666
X, Y:: 747 665
X, Y:: 748 664
X, Y:: 749 663
X, Y:: 750 662
X, Y:: 750 661
X, Y:: 751 660
X, Y:: 752 659
X, Y:: 753 658
X, Y:: 754 657
X, Y:: 755 656
X, Y:: 756 655
X, Y:: 756 654
X, Y:: 757 653
X, Y:: 758 652
X, Y:: 759 651
X, Y:: 760 650
X, Y:: 761 649
X, Y:: 762 648
X, Y:: 762 647
X, Y:: 763 646
X, Y:: 764 645
X, Y:: 765 644
X, Y:: 766 643
X, Y:: 767 642
X, Y:: 768 641
X, Y:: 768 640
X, Y:: 769 639
X, Y:: 770 638
X, Y:: 771 637
X, Y:: 772 636
X, Y:: 773 635
X, Y:: 773 634
X, Y:: 774 633
X, Y:: 775 632
X, Y:: 776 631
X, Y:: 777 630
X, Y:: 777 629
X, Y:: 778 628
X, Y:: 779 627
X, Y:: 780 626
X, Y:: 781 625
X, Y:: 781 624
X, Y:: 782 623
X, Y:: 783 622
X, Y:: 784 621
X, Y:: 785 620
X, Y:: 785 619
X, Y:: 786 618
X, Y:: 787 617
X, Y:: 788 616
X, Y:: 789 615
X, Y:: 789 614
X, Y:: 790 613
X, Y:: 791 612
X, Y:: 792 611
X, Y:: 792 610
X, Y:: 793 609
X, Y:: 794 608
X, Y:: 795 607
X, Y:: 795 606
X, Y:: 796 605
X, Y:: 797 604
X, Y:: 798 603
X, Y:: 798 602
X, Y:: 799 601
X, Y:: 800 600
X, Y:: 801 599
X, Y:: 801 598
X, Y:: 802 597
X, Y:: 803 596
X, Y:: 804 595
X, Y:: 804 594
X, Y:: 805 593
X, Y:: 806 592
X, Y:: 807 591
X, Y:: 807 590
X, Y:: 808 589
X, Y:: 809 588
X, Y:: 810 587
X, Y:: 810 586
X, Y:: 811 585
X, Y:: 812 584
X, Y:: 812 583
X, Y:: 813 582
X, Y:: 814 581
X, Y:: 815 580
X, Y:: 815 579
X, Y:: 816 578
X, Y:: 817 577
X, Y:: 817 576
X, Y:: 818 575
X, Y:: 819 574
X, Y:: 820 573
X, Y:: 820 572
X, Y:: 821 571
X, Y:: 822 570
X, Y:: 822 569
X, Y:: 823 568
X, Y:: 824 567
X, Y:: 824 566
X, Y:: 825 565
X, Y:: 826 564
X, Y:: 826 563
X, Y:: 827 562
X, Y:: 828 561
X, Y:: 828 560
X, Y:: 829 559
X, Y:: 830 558
X, Y:: 831 557
X, Y:: 831 556
X, Y:: 832 555
X, Y:: 833 554
X, Y:: 833 553
X, Y:: 834 552
X, Y:: 835 551
X, Y:: 835 550
X, Y:: 836 549
X, Y:: 836 548
X, Y:: 837 547
X, Y:: 838 546
X, Y:: 838 545
X, Y:: 839 544
X, Y:: 840 543
X, Y:: 840 542
X, Y:: 841 541
X, Y:: 842 540
X, Y:: 842 539
X, Y:: 843 538
X, Y:: 844 537
X, Y:: 844 536
X, Y:: 845 535
X, Y:: 845 534
X, Y:: 846 533
X, Y:: 847 532
X, Y:: 847 531
X, Y:: 848 530
X, Y:: 849 529
X, Y:: 849 528
X, Y:: 850 527
X, Y:: 850 526
X, Y:: 851 525
X, Y:: 852 524
X, Y:: 852 523
X, Y:: 853 522
X, Y:: 854 521
X, Y:: 854 520
X, Y:: 855 519
X, Y:: 855 518
X, Y:: 856 517
X, Y:: 857 516
X, Y:: 857 515
X, Y:: 858 514
X, Y:: 858 513
X, Y:: 859 512
X, Y:: 860 511
X, Y:: 860 510
X, Y:: 861 509
X, Y:: 861 508
X, Y:: 862 507
X, Y:: 863 506
X, Y:: 863 505
X, Y:: 864 504
X, Y:: 864 503
X, Y:: 865 502
X, Y:: 865 501
X, Y:: 866 500
X, Y:: 867 499
X, Y:: 867 498
X, Y:: 868 497
X, Y:: 868 496
X, Y:: 869 495
X, Y:: 869 494
X, Y:: 870 493
X, Y:: 871 492
X, Y:: 871 491
X, Y:: 872 490
X, Y:: 872 489
X, Y:: 873 488
X, Y:: 873 487
X, Y:: 874 486
X, Y:: 875 485
X, Y:: 875 484
X, Y:: 876 483
X, Y:: 876 482
X, Y:: 877 481
X, Y:: 877 480
X, Y:: 878 479
X, Y:: 878 478
X, Y:: 879 477
X, Y:: 879 476
X, Y:: 880 475
X, Y:: 881 474
X, Y:: 881 473
X, Y:: 882 472
X, Y:: 882 471
X, Y:: 883 470
X, Y:: 883 469
X, Y:: 884 468
X, Y:: 884 467
X, Y:: 885 466
X, Y:: 885 465
X, Y:: 886 464
X, Y:: 886 463
X, Y:: 887 462
X, Y:: 887 461
X, Y:: 888 460
X, Y:: 888 459
X, Y:: 889 458
X, Y:: 889 457
X, Y:: 890 456
X, Y:: 890 455
X, Y:: 891 454
X, Y:: 892 453
X, Y:: 892 452
X, Y:: 893 451
X, Y:: 893 450
X, Y:: 894 449
X, Y:: 894 448
X, Y:: 895 447
X, Y:: 895 446
X, Y:: 896 445
X, Y:: 896 444
X, Y:: 897 443
X, Y:: 897 442
X, Y:: 898 441
X, Y:: 898 440
X, Y:: 898 439
X, Y:: 899 438
X, Y:: 899 437
X, Y:: 900 436
X, Y:: 900 435
X, Y:: 901 434
X, Y:: 901 433
X, Y:: 902 432
X, Y:: 902 431
X, Y:: 903 430
X, Y:: 903 429
X, Y:: 904 428
X, Y:: 904 427
X, Y:: 905 426
X, Y:: 905 425
X, Y:: 906 424
X, Y:: 906 423
X, Y:: 907 422
X, Y:: 907 421
X, Y:: 908 420
X, Y:: 908 419
X, Y:: 908 418
X, Y:: 909 417
X, Y:: 909 416
X, Y:: 910 415
X, Y:: 910 414
X, Y:: 911 413
X, Y:: 911 412
X, Y:: 912 411
X, Y:: 912 410
X, Y:: 913 409
X, Y:: 913 408
X, Y:: 913 407
X, Y:: 914 406
X, Y:: 914 405
X, Y:: 915 404
X, Y:: 915 403
X, Y:: 916 402
X, Y:: 916 401
X, Y:: 917 400
X, Y:: 917 399
X, Y:: 917 398
X, Y:: 918 397
X, Y:: 918 396
X, Y:: 919 395
X, Y:: 919 394
X, Y:: 920 393
X, Y:: 920 392
X, Y:: 920 391
X, Y:: 921 390
X, Y:: 921 389
X, Y:: 922 388
X, Y:: 922 387
X, Y:: 922 386
X, Y:: 923 385
X, Y:: 923 384
X, Y:: 924 383
X, Y:: 924 382
X, Y:: 925 381
X, Y:: 925 380
X, Y:: 925 379
X, Y:: 926 378
X, Y:: 926 377
X, Y:: 927 376
X, Y:: 927 375
X, Y:: 927 374
X, Y:: 928 373
X, Y:: 928 372
X, Y:: 929 371
X, Y:: 929 370
X, Y:: 929 369
X, Y:: 930 368
X, Y:: 930 367
X, Y:: 931 366
X, Y:: 931 365
X, Y:: 931 364
X, Y:: 932 363
X, Y:: 932 362
X, Y:: 933 361
X, Y:: 933 360
X, Y:: 933 359
X, Y:: 934 358
X, Y:: 934 357
X, Y:: 934 356
X, Y:: 935 355
X, Y:: 935 354
X, Y:: 936 353
X, Y:: 936 352
X, Y:: 936 351
X, Y:: 937 350
X, Y:: 937 349
X, Y:: 937 348
X, Y:: 938 347
X, Y:: 938 346
X, Y:: 939 345
X, Y:: 939 344
X, Y:: 939 343
X, Y:: 940 342
X, Y:: 940 341
X, Y:: 940 340
X, Y:: 941 339
X, Y:: 941 338
X, Y:: 942 337
X, Y:: 942 336
X, Y:: 942 335
X, Y:: 943 334
X, Y:: 943 333
X, Y:: 943 332
X, Y:: 944 331
X, Y:: 944 330
X, Y:: 944 329
X, Y:: 945 328
X, Y:: 945 327
X, Y:: 945 326
X, Y:: 946 325
X, Y:: 946 324
X, Y:: 946 323
X, Y:: 947 322
X, Y:: 947 321
X, Y:: 947 320
X, Y:: 948 319
X, Y:: 948 318
X, Y:: 948 317
X, Y:: 949 316
X, Y:: 949 315
X, Y:: 949 314
X, Y:: 950 313
X, Y:: 950 312
X, Y:: 950 311
X, Y:: 951 310
X, Y:: 951 309
X, Y:: 951 308
X, Y:: 952 307
X, Y:: 952 306
X, Y:: 952 305
X, Y:: 953 304
X, Y:: 953 303
X, Y:: 953 302
X, Y:: 954 301
X, Y:: 954 300
X, Y:: 954 299
X, Y:: 955 298
X, Y:: 955 297
X, Y:: 955 296
X, Y:: 955 295
X, Y:: 956 294
X, Y:: 956 293
X, Y:: 956 292
X, Y:: 957 291
X, Y:: 957 290
X, Y:: 957 289
X, Y:: 958 288
X, Y:: 958 287
X, Y:: 958 286
X, Y:: 959 285
X, Y:: 959 284
X, Y:: 959 283
X, Y:: 959 282
X, Y:: 960 281
X, Y:: 960 280
X, Y:: 960 279
X, Y:: 961 278
X, Y:: 961 277
X, Y:: 961 276
X, Y:: 961 275
X, Y:: 962 274
X, Y:: 962 273
X, Y:: 962 272
X, Y:: 963 271
X, Y:: 963 270
X, Y:: 963 269
X, Y:: 963 268
X, Y:: 964 267
X, Y:: 964 266
X, Y:: 964 265
X, Y:: 965 264
X, Y:: 965 263
X, Y:: 965 262
X, Y:: 965 261
X, Y:: 966 260
X, Y:: 966 259
X, Y:: 966 258
X, Y:: 966 257
X, Y:: 967 256
X, Y:: 967 255
X, Y:: 967 254
X, Y:: 967 253
X, Y:: 968 252
X, Y:: 968 251
X, Y:: 968 250
X, Y:: 969 249
X, Y:: 969 248
X, Y:: 969 247
X, Y:: 969 246
X, Y:: 970 245
X, Y:: 970 244
X, Y:: 970 243
X, Y:: 970 242
X, Y:: 971 241
X, Y:: 971 240
X, Y:: 971 239
X, Y:: 971 238
X, Y:: 972 237
X, Y:: 972 236
X, Y:: 972 235
X, Y:: 972 234
X, Y:: 972 233
X, Y:: 973 232
X, Y:: 973 231
X, Y:: 973 230
X, Y:: 973 229
X, Y:: 974 228
X, Y:: 974 227
X, Y:: 974 226
X, Y:: 974 225
X, Y:: 975 224
X, Y:: 975 223
X, Y:: 975 222
X, Y:: 975 221
X, Y:: 975 220
X, Y:: 976 219
X, Y:: 976 218
X, Y:: 976 217
X, Y:: 976 216
X, Y:: 977 215
X, Y:: 977 214
X, Y:: 977 213
X, Y:: 977 212
X, Y:: 977 211
X, Y:: 978 210
X, Y:: 978 209
X, Y:: 978 208
X, Y:: 978 207
X, Y:: 979 206
X, Y:: 979 205
X, Y:: 979 204
X, Y:: 979 203
X, Y:: 979 202
X, Y:: 980 201
X, Y:: 980 200
X, Y:: 980 199
X, Y:: 980 198
X, Y:: 980 197
X, Y:: 981 196
X, Y:: 981 195
X, Y:: 981 194
X, Y:: 981 193
X, Y:: 981 192
X, Y:: 982 191
X, Y:: 982 190
X, Y:: 982 189
X, Y:: 982 188
X, Y:: 982 187
X, Y:: 983 186
X, Y:: 983 185
X, Y:: 983 184
X, Y:: 983 183
X, Y:: 983 182
X, Y:: 983 181
X, Y:: 984 180
X, Y:: 984 179
X, Y:: 984 178
X, Y:: 984 177
X, Y:: 984 176
X, Y:: 985 175
X, Y:: 985 174
X, Y:: 985 173
X, Y:: 985 172
X, Y:: 985 171
X, Y:: 985 170
X, Y:: 986 169
X, Y:: 986 168
X, Y:: 986 167
X, Y:: 986 166
X, Y:: 986 165
X, Y:: 986 164
X, Y:: 987 163
X, Y:: 987 162
X, Y:: 987 161
X, Y:: 987 160
X, Y:: 987 159
X, Y:: 987 158
X, Y:: 988 157
X, Y:: 988 156
X, Y:: 988 155
X, Y:: 988 154
X, Y:: 988 153
X, Y:: 988 152
X, Y:: 989 151
X, Y:: 989 150
X, Y:: 989 149
X, Y:: 989 148
X, Y:: 989 147
X, Y:: 989 146
X, Y:: 989 145
X, Y:: 990 144
X, Y:: 990 143
X, Y:: 990 142
X, Y:: 990 141
X, Y:: 990 140
X, Y:: 990 139
X, Y:: 990 138
X, Y:: 991 137
X, Y:: 991 136
X, Y:: 991 135
X, Y:: 991 134
X, Y:: 991 133
X, Y:: 991 132
X, Y:: 991 131
X, Y:: 992 130
X, Y:: 992 129
X, Y:: 992 128
X, Y:: 992 127
X, Y:: 992 126
X, Y:: 992 125
X, Y:: 992 124
X, Y:: 992 123
X, Y:: 993 122
X, Y:: 993 121
X, Y:: 993 120
X, Y:: 993 119
X, Y:: 993 118
X, Y:: 993 117
X, Y:: 993 116
X, Y:: 993 115
X, Y:: 993 114
X, Y:: 994 113
X, Y:: 994 112
X, Y:: 994 111
X, Y:: 994 110
X, Y:: 994 109
X, Y:: 994 108
X, Y:: 994 107
X, Y:: 994 106
X, Y:: 994 105
X, Y:: 995 104
X, Y:: 995 103
X, Y:: 995 102
X, Y:: 995 101
X, Y:: 995 100
X, Y:: 995 99
X, Y:: 995 98
X, Y:: 995 97
X, Y:: 995 96
X, Y:: 995 95
X, Y:: 996 94
X, Y:: 996 93
X, Y:: 996 92
X, Y:: 996 91
X, Y:: 996 90
X, Y:: 996 89
X, Y:: 996 88
X, Y:: 996 87
X, Y:: 996 86
X, Y:: 996 85
X, Y:: 996 84
X, Y:: 997 83
X, Y:: 997 82
X, Y:: 997 81
X, Y:: 997 80
X, Y:: 997 79
X, Y:: 997 78
X, Y:: 997 77
X, Y:: 997 76
X, Y:: 997 75
X, Y:: 997 74
X, Y:: 997 73
X, Y:: 997 72
X, Y:: 997 71
X, Y:: 998 70
X, Y:: 998 69
X, Y:: 998 68
X, Y:: 998 67
X, Y:: 998 66
X, Y:: 998 65
X, Y:: 998 64
X, Y:: 998 63
X, Y:: 998 62
X, Y:: 998 61
X, Y:: 998 60
X, Y:: 998 59
X, Y:: 998 58
X, Y:: 998 57
X, Y:: 998 56
X, Y:: 998 55
X, Y:: 999 54
X, Y:: 999 53
X, Y:: 999 52
X, Y:: 999 51
X, Y:: 999 50
X, Y:: 999 49
X, Y:: 999 48
X, Y:: 999 47
X, Y:: 999 46
X, Y:: 999 45
X, Y:: 999 44
X, Y:: 999 43
X, Y:: 999 42
X, Y:: 999 41
X, Y:: 999 40
X, Y:: 999 39
X, Y:: 999 38
X, Y:: 999 37
X, Y:: 999 36
X, Y:: 999 35
X, Y:: 999 34
X, Y:: 999 33
X, Y:: 999 32
X, Y:: 1000 31
X, Y:: 1000 30
X, Y:: 1000 29
X, Y:: 1000 28
X, Y:: 1000 27
X, Y:: 1000 26
X, Y:: 1000 25
X, Y:: 1000 24
X, Y:: 1000 23
X, Y:: 1000 22
X, Y:: 1000 21
X, Y:: 1000 20
X, Y:: 1000 19
X, Y:: 1000 18
X, Y:: 1000 17
X, Y:: 1000 16
X, Y:: 1000 15
X, Y:: 1000 14
X, Y:: 1000 13
X, Y:: 1000 12
X, Y:: 1000 11
X, Y:: 1000 10
X, Y:: 1000 9
X, Y:: 1000 8
X, Y:: 1000 7
X, Y:: 1000 6
X, Y:: 1000 5
X, Y:: 1000 4
X, Y:: 1000 3
X, Y:: 1000 2
X, Y:: 1000 1
X, Y:: 1000 0
D7!
DEBUG (radius, decision, start_x, start_y, x_increment, y_increment, current_slope, independent, dependent, decision factor, ((float)PI/2.0 - abs(current_slope))), decision(if):: 1000 -1997.00 1000 0 0 0 0.00 0 1000 1 1.57 0
X, Y:: 1000 -1
X, Y:: 1000 -2
X, Y:: 1000 -3
X, Y:: 1000 -4
X, Y:: 1000 -5
X, Y:: 1000 -6
X, Y:: 1000 -7
X, Y:: 1000 -8
X, Y:: 1000 -9
X, Y:: 1000 -10
X, Y:: 1000 -11
X, Y:: 1000 -12
X, Y:: 1000 -13
X, Y:: 1000 -14
X, Y:: 1000 -15
X, Y:: 1000 -16
X, Y:: 1000 -17
X, Y:: 1000 -18
X, Y:: 1000 -19
X, Y:: 1000 -20
X, Y:: 1000 -21
X, Y:: 1000 -22
X, Y:: 1000 -23
X, Y:: 1000 -24
X, Y:: 1000 -25
X, Y:: 1000 -26
X, Y:: 1000 -27
X, Y:: 1000 -28
X, Y:: 1000 -29
X, Y:: 1000 -30
X, Y:: 1000 -31
X, Y:: 999 -32
X, Y:: 999 -33
X, Y:: 999 -34
X, Y:: 999 -35
X, Y:: 999 -36
X, Y:: 999 -37
X, Y:: 999 -38
X, Y:: 999 -39
X, Y:: 999 -40
X, Y:: 999 -41
X, Y:: 999 -42
X, Y:: 999 -43
X, Y:: 999 -44
X, Y:: 999 -45
X, Y:: 999 -46
X, Y:: 999 -47
X, Y:: 999 -48
X, Y:: 999 -49
X, Y:: 999 -50
X, Y:: 999 -51
X, Y:: 999 -52
X, Y:: 999 -53
X, Y:: 999 -54
X, Y:: 998 -55
X, Y:: 998 -56
X, Y:: 998 -57
X, Y:: 998 -58
X, Y:: 998 -59
X, Y:: 998 -60
X, Y:: 998 -61
X, Y:: 998 -62
X, Y:: 998 -63
X, Y:: 998 -64
X, Y:: 998 -65
X, Y:: 998 -66
X, Y:: 998 -67
X, Y:: 998 -68
X, Y:: 998 -69
X, Y:: 998 -70
X, Y:: 997 -71
X, Y:: 997 -72
X, Y:: 997 -73
X, Y:: 997 -74
X, Y:: 997 -75
X, Y:: 997 -76
X, Y:: 997 -77
X, Y:: 997 -78
X, Y:: 997 -79
X, Y:: 997 -80
X, Y:: 997 -81
X, Y:: 997 -82
X, Y:: 997 -83
X, Y:: 996 -84
X, Y:: 996 -85
X, Y:: 996 -86
X, Y:: 996 -87
X, Y:: 996 -88
X, Y:: 996 -89
X, Y:: 996 -90
X, Y:: 996 -91
X, Y:: 996 -92
X, Y:: 996 -93
X, Y:: 996 -94
X, Y:: 995 -95
X, Y:: 995 -96
X, Y:: 995 -97
X, Y:: 995 -98
X, Y:: 995 -99
X, Y:: 995 -100
X, Y:: 995 -101
X, Y:: 995 -102
X, Y:: 995 -103
X, Y:: 995 -104
X, Y:: 994 -105
X, Y:: 994 -106
X, Y:: 994 -107
X, Y:: 994 -108
X, Y:: 994 -109
X, Y:: 994 -110
X, Y:: 994 -111
X, Y:: 994 -112
X, Y:: 994 -113
X, Y:: 993 -114
X, Y:: 993 -115
X, Y:: 993 -116
X, Y:: 993 -117
X, Y:: 993 -118
X, Y:: 993 -119
X, Y:: 993 -120
X, Y:: 993 -121
X, Y:: 993 -122
X, Y:: 992 -123
X, Y:: 992 -124
X, Y:: 992 -125
X, Y:: 992 -126
X, Y:: 992 -127
X, Y:: 992 -128
X, Y:: 992 -129
X, Y:: 992 -130
X, Y:: 991 -131
X, Y:: 991 -132
X, Y:: 991 -133
X, Y:: 991 -134
X, Y:: 991 -135
X, Y:: 991 -136
X, Y:: 991 -137
X, Y:: 990 -138
X, Y:: 990 -139
X, Y:: 990 -140
X, Y:: 990 -141
X, Y:: 990 -142
X, Y:: 990 -143
X, Y:: 990 -144
X, Y:: 989 -145
X, Y:: 989 -146
X, Y:: 989 -147
X, Y:: 989 -148
X, Y:: 989 -149
X, Y:: 989 -150
X, Y:: 989 -151
X, Y:: 988 -152
X, Y:: 988 -153
X, Y:: 988 -154
X, Y:: 988 -155
X, Y:: 988 -156
X, Y:: 988 -157
X, Y:: 987 -158
X, Y:: 987 -159
X, Y:: 987 -160
X, Y:: 987 -161
X, Y:: 987 -162
X, Y:: 987 -163
X, Y:: 986 -164
X, Y:: 986 -165
X, Y:: 986 -166
X, Y:: 986 -167
X, Y:: 986 -168
X, Y:: 986 -169
X, Y:: 985 -170
X, Y:: 985 -171
X, Y:: 985 -172
X, Y:: 985 -173
X, Y:: 985 -174
X, Y:: 985 -175
X, Y:: 984 -176
X, Y:: 984 -177
X, Y:: 984 -178
X, Y:: 984 -179
X, Y:: 984 -180
X, Y:: 983 -181
X, Y:: 983 -182
X, Y:: 983 -183
X, Y:: 983 -184
X, Y:: 983 -185
X, Y:: 983 -186
X, Y:: 982 -187
X, Y:: 982 -188
X, Y:: 982 -189
X, Y:: 982 -190
X, Y:: 982 -191
X, Y:: 981 -192
X, Y:: 981 -193
X, Y:: 981 -194
X, Y:: 981 -195
X, Y:: 981 -196
X, Y:: 980 -197
X, Y:: 980 -198
X, Y:: 980 -199
X, Y:: 980 -200
X, Y:: 980 -201
X, Y:: 979 -202
X, Y:: 979 -203
X, Y:: 979 -204
X, Y:: 979 -205
X, Y:: 979 -206
X, Y:: 978 -207
X, Y:: 978 -208
X, Y:: 978 -209
X, Y:: 978 -210
X, Y:: 977 -211
X, Y:: 977 -212
X, Y:: 977 -213
X, Y:: 977 -214
X, Y:: 977 -215
X, Y:: 976 -216
X, Y:: 976 -217
X, Y:: 976 -218
X, Y:: 976 -219
X, Y:: 975 -220
X, Y:: 975 -221
X, Y:: 975 -222
X, Y:: 975 -223
X, Y:: 975 -224
X, Y:: 974 -225
X, Y:: 974 -226
X, Y:: 974 -227
X, Y:: 974 -228
X, Y:: 973 -229
X, Y:: 973 -230
X, Y:: 973 -231
X, Y:: 973 -232
X, Y:: 972 -233
X, Y:: 972 -234
X, Y:: 972 -235
X, Y:: 972 -236
X, Y:: 972 -237
X, Y:: 971 -238
X, Y:: 971 -239
X, Y:: 971 -240
X, Y:: 971 -241
X, Y:: 970 -242
X, Y:: 970 -243
X, Y:: 970 -244
X, Y:: 970 -245
X, Y:: 969 -246
X, Y:: 969 -247
X, Y:: 969 -248
X, Y:: 969 -249
X, Y:: 968 -250
X, Y:: 968 -251
X, Y:: 968 -252
X, Y:: 967 -253
X, Y:: 967 -254
X, Y:: 967 -255
X, Y:: 967 -256
X, Y:: 966 -257
X, Y:: 966 -258
X, Y:: 966 -259
X, Y:: 966 -260
X, Y:: 965 -261
X, Y:: 965 -262
X, Y:: 965 -263
X, Y:: 965 -264
X, Y:: 964 -265
X, Y:: 964 -266
X, Y:: 964 -267
X, Y:: 963 -268
X, Y:: 963 -269
X, Y:: 963 -270
X, Y:: 963 -271
X, Y:: 962 -272
X, Y:: 962 -273
X, Y:: 962 -274
X, Y:: 961 -275
X, Y:: 961 -276
X, Y:: 961 -277
X, Y:: 961 -278
X, Y:: 960 -279
X, Y:: 960 -280
X, Y:: 960 -281
X, Y:: 959 -282
X, Y:: 959 -283
X, Y:: 959 -284
X, Y:: 959 -285
X, Y:: 958 -286
X, Y:: 958 -287
X, Y:: 958 -288
X, Y:: 957 -289
X, Y:: 957 -290
X, Y:: 957 -291
X, Y:: 956 -292
X, Y:: 956 -293
X, Y:: 956 -294
X, Y:: 955 -295
X, Y:: 955 -296
X, Y:: 955 -297
X, Y:: 955 -298
X, Y:: 954 -299
X, Y:: 954 -300
X, Y:: 954 -301
X, Y:: 953 -302
X, Y:: 953 -303
X, Y:: 953 -304
X, Y:: 952 -305
X, Y:: 952 -306
X, Y:: 952 -307
X, Y:: 951 -308
X, Y:: 951 -309
X, Y:: 951 -310
X, Y:: 950 -311
X, Y:: 950 -312
X, Y:: 950 -313
X, Y:: 949 -314
X, Y:: 949 -315
X, Y:: 949 -316
X, Y:: 948 -317
X, Y:: 948 -318
X, Y:: 948 -319
X, Y:: 947 -320
X, Y:: 947 -321
X, Y:: 947 -322
X, Y:: 946 -323
X, Y:: 946 -324
X, Y:: 946 -325
X, Y:: 945 -326
X, Y:: 945 -327
X, Y:: 945 -328
X, Y:: 944 -329
X, Y:: 944 -330
X, Y:: 944 -331
X, Y:: 943 -332
X, Y:: 943 -333
X, Y:: 943 -334
X, Y:: 942 -335
X, Y:: 942 -336
X, Y:: 942 -337
X, Y:: 941 -338
X, Y:: 941 -339
X, Y:: 940 -340
X, Y:: 940 -341
X, Y:: 940 -342
X, Y:: 939 -343
X, Y:: 939 -344
X, Y:: 939 -345
X, Y:: 938 -346
X, Y:: 938 -347
X, Y:: 937 -348
X, Y:: 937 -349
X, Y:: 937 -350
X, Y:: 936 -351
X, Y:: 936 -352
X, Y:: 936 -353
X, Y:: 935 -354
X, Y:: 935 -355
X, Y:: 934 -356
X, Y:: 934 -357
X, Y:: 934 -358
X, Y:: 933 -359
X, Y:: 933 -360
X, Y:: 933 -361
X, Y:: 932 -362
X, Y:: 932 -363
X, Y:: 931 -364
X, Y:: 931 -365
X, Y:: 931 -366
X, Y:: 930 -367
X, Y:: 930 -368
X, Y:: 929 -369
X, Y:: 929 -370
X, Y:: 929 -371
X, Y:: 928 -372
X, Y:: 928 -373
X, Y:: 927 -374
X, Y:: 927 -375
X, Y:: 927 -376
X, Y:: 926 -377
X, Y:: 926 -378
X, Y:: 925 -379
X, Y:: 925 -380
X, Y:: 925 -381
X, Y:: 924 -382
X, Y:: 924 -383
X, Y:: 923 -384
X, Y:: 923 -385
X, Y:: 922 -386
X, Y:: 922 -387
X, Y:: 922 -388
X, Y:: 921 -389
X, Y:: 921 -390
X, Y:: 920 -391
X, Y:: 920 -392
X, Y:: 920 -393
X, Y:: 919 -394
X, Y:: 919 -395
X, Y:: 918 -396
X, Y:: 918 -397
X, Y:: 917 -398
X, Y:: 917 -399
X, Y:: 917 -400
X, Y:: 916 -401
X, Y:: 916 -402
X, Y:: 915 -403
X, Y:: 915 -404
X, Y:: 914 -405
X, Y:: 914 -406
X, Y:: 913 -407
X, Y:: 913 -408
X, Y:: 913 -409
X, Y:: 912 -410
X, Y:: 912 -411
X, Y:: 911 -412
X, Y:: 911 -413
X, Y:: 910 -414
X, Y:: 910 -415
X, Y:: 909 -416
X, Y:: 909 -417
X, Y:: 908 -418
X, Y:: 908 -419
X, Y:: 908 -420
X, Y:: 907 -421
X, Y:: 907 -422
X, Y:: 906 -423
X, Y:: 906 -424
X, Y:: 905 -425
X, Y:: 905 -426
X, Y:: 904 -427
X, Y:: 904 -428
X, Y:: 903 -429
X, Y:: 903 -430
X, Y:: 902 -431
X, Y:: 902 -432
X, Y:: 901 -433
X, Y:: 901 -434
X, Y:: 900 -435
X, Y:: 900 -436
X, Y:: 899 -437
X, Y:: 899 -438
X, Y:: 898 -439
X, Y:: 898 -440
X, Y:: 898 -441
X, Y:: 897 -442
X, Y:: 897 -443
X, Y:: 896 -444
X, Y:: 896 -445
X, Y:: 895 -446
X, Y:: 895 -447
X, Y:: 894 -448
X, Y:: 894 -449
X, Y:: 893 -450
X, Y:: 893 -451
X, Y:: 892 -452
X, Y:: 892 -453
X, Y:: 891 -454
X, Y:: 890 -455
X, Y:: 890 -456
X, Y:: 889 -457
X, Y:: 889 -458
X, Y:: 888 -459
X, Y:: 888 -460
X, Y:: 887 -461
X, Y:: 887 -462
X, Y:: 886 -463
X, Y:: 886 -464
X, Y:: 885 -465
X, Y:: 885 -466
X, Y:: 884 -467
X, Y:: 884 -468
X, Y:: 883 -469
X, Y:: 883 -470
X, Y:: 882 -471
X, Y:: 882 -472
X, Y:: 881 -473
X, Y:: 881 -474
X, Y:: 880 -475
X, Y:: 879 -476
X, Y:: 879 -477
X, Y:: 878 -478
X, Y:: 878 -479
X, Y:: 877 -480
X, Y:: 877 -481
X, Y:: 876 -482
X, Y:: 876 -483
X, Y:: 875 -484
X, Y:: 875 -485
X, Y:: 874 -486
X, Y:: 873 -487
X, Y:: 873 -488
X, Y:: 872 -489
X, Y:: 872 -490
X, Y:: 871 -491
X, Y:: 871 -492
X, Y:: 870 -493
X, Y:: 869 -494
X, Y:: 869 -495
X, Y:: 868 -496
X, Y:: 868 -497
X, Y:: 867 -498
X, Y:: 867 -499
X, Y:: 866 -500
X, Y:: 865 -501
X, Y:: 865 -502
X, Y:: 864 -503
X, Y:: 864 -504
X, Y:: 863 -505
X, Y:: 863 -506
X, Y:: 862 -507
X, Y:: 861 -508
X, Y:: 861 -509
X, Y:: 860 -510
X, Y:: 860 -511
X, Y:: 859 -512
X, Y:: 858 -513
X, Y:: 858 -514
X, Y:: 857 -515
X, Y:: 857 -516
X, Y:: 856 -517
X, Y:: 855 -518
X, Y:: 855 -519
X, Y:: 854 -520
X, Y:: 854 -521
X, Y:: 853 -522
X, Y:: 852 -523
X, Y:: 852 -524
X, Y:: 851 -525
X, Y:: 850 -526
X, Y:: 850 -527
X, Y:: 849 -528
X, Y:: 849 -529
X, Y:: 848 -530
X, Y:: 847 -531
X, Y:: 847 -532
X, Y:: 846 -533
X, Y:: 845 -534
X, Y:: 845 -535
X, Y:: 844 -536
X, Y:: 844 -537
X, Y:: 843 -538
X, Y:: 842 -539
X, Y:: 842 -540
X, Y:: 841 -541
X, Y:: 840 -542
X, Y:: 840 -543
X, Y:: 839 -544
X, Y:: 838 -545
X, Y:: 838 -546
X, Y:: 837 -547
X, Y:: 836 -548
X, Y:: 836 -549
X, Y:: 835 -550
X, Y:: 835 -551
X, Y:: 834 -552
X, Y:: 833 -553
X, Y:: 833 -554
X, Y:: 832 -555
X, Y:: 831 -556
X, Y:: 831 -557
X, Y:: 830 -558
X, Y:: 829 -559
X, Y:: 828 -560
X, Y:: 828 -561
X, Y:: 827 -562
X, Y:: 826 -563
X, Y:: 826 -564
X, Y:: 825 -565
X, Y:: 824 -566
X, Y:: 824 -567
X, Y:: 823 -568
X, Y:: 822 -569
X, Y:: 822 -570
X, Y:: 821 -571
X, Y:: 820 -572
X, Y:: 820 -573
X, Y:: 819 -574
X, Y:: 818 -575
X, Y:: 817 -576
X, Y:: 817 -577
X, Y:: 816 -578
X, Y:: 815 -579
X, Y:: 815 -580
X, Y:: 814 -581
X, Y:: 813 -582
X, Y:: 812 -583
X, Y:: 812 -584
X, Y:: 811 -585
X, Y:: 810 -586
X, Y:: 810 -587
X, Y:: 809 -588
X, Y:: 808 -589
X, Y:: 807 -590
X, Y:: 807 -591
X, Y:: 806 -592
X, Y:: 805 -593
X, Y:: 804 -594
X, Y:: 804 -595
X, Y:: 803 -596
X, Y:: 802 -597
X, Y:: 801 -598
X, Y:: 801 -599
X, Y:: 800 -600
X, Y:: 799 -601
X, Y:: 798 -602
X, Y:: 798 -603
X, Y:: 797 -604
X, Y:: 796 -605
X, Y:: 795 -606
X, Y:: 795 -607
X, Y:: 794 -608
X, Y:: 793 -609
X, Y:: 792 -610
X, Y:: 792 -611
X, Y:: 791 -612
X, Y:: 790 -613
X, Y:: 789 -614
X, Y:: 789 -615
X, Y:: 788 -616
X, Y:: 787 -617
X, Y:: 786 -618
X, Y:: 785 -619
X, Y:: 785 -620
X, Y:: 784 -621
X, Y:: 783 -622
X, Y:: 782 -623
X, Y:: 781 -624
X, Y:: 781 -625
X, Y:: 780 -626
X, Y:: 779 -627
X, Y:: 778 -628
X, Y:: 777 -629
X, Y:: 777 -630
X, Y:: 776 -631
X, Y:: 775 -632
X, Y:: 774 -633
X, Y:: 773 -634
X, Y:: 773 -635
X, Y:: 772 -636
X, Y:: 771 -637
X, Y:: 770 -638
X, Y:: 769 -639
X, Y:: 768 -640
X, Y:: 768 -641
X, Y:: 767 -642
X, Y:: 766 -643
X, Y:: 765 -644
X, Y:: 764 -645
X, Y:: 763 -646
X, Y:: 762 -647
X, Y:: 762 -648
X, Y:: 761 -649
X, Y:: 760 -650
X, Y:: 759 -651
X, Y:: 758 -652
X, Y:: 757 -653
X, Y:: 756 -654
X, Y:: 756 -655
X, Y:: 755 -656
X, Y:: 754 -657
X, Y:: 753 -658
X, Y:: 752 -659
X, Y:: 751 -660
X, Y:: 750 -661
X, Y:: 750 -662
X, Y:: 749 -663
X, Y:: 748 -664
X, Y:: 747 -665
X, Y:: 746 -666
X, Y:: 745 -667
X, Y:: 744 -668
X, Y:: 743 -669
X, Y:: 742 -670
X, Y:: 741 -671
X, Y:: 741 -672
X, Y:: 740 -673
X, Y:: 739 -674
X, Y:: 738 -675
X, Y:: 737 -676
X, Y:: 736 -677
X, Y:: 735 -678
X, Y:: 734 -679
X, Y:: 733 -680
X, Y:: 732 -681
X, Y:: 731 -682
X, Y:: 730 -683
X, Y:: 729 -684
X, Y:: 729 -685
X, Y:: 728 -686
X, Y:: 727 -687
X, Y:: 726 -688
X, Y:: 725 -689
X, Y:: 724 -690
X, Y:: 723 -691
X, Y:: 722 -692
X, Y:: 721 -693
X, Y:: 720 -694
X, Y:: 719 -695
X, Y:: 718 -696
X, Y:: 717 -697
X, Y:: 716 -698
X, Y:: 715 -699
X, Y:: 714 -700
X, Y:: 713 -701
X, Y:: 712 -702
X, Y:: 711 -703
X, Y:: 710 -704
X, Y:: 709 -705
X, Y:: 708 -706
X, Y:: 707 -707
X, Y:: 706 -708
D7!
DEBUG (radius, decision, start_x, start_y, x_increment, y_increment, current_slope, independent, dependent, decision factor, ((float)PI/2.0 - abs(current_slope))), decision(if):: 1000 -2005.00 706 -708 0 0 -0.79 706 -708 -1 0.78 1
X, Y:: 705 -709
X, Y:: 704 -710
X, Y:: 703 -711
X, Y:: 702 -712
X, Y:: 701 -713
X, Y:: 700 -714
X, Y:: 699 -715
X, Y:: 698 -716
X, Y:: 697 -717
X, Y:: 696 -718
X, Y:: 695 -719
X, Y:: 694 -720
X, Y:: 693 -721
X, Y:: 692 -722
X, Y:: 691 -723
X, Y:: 690 -724
X, Y:: 689 -725
X, Y:: 688 -726
X, Y:: 687 -727
X, Y:: 686 -728
X, Y:: 685 -729
X, Y:: 684 -729
X, Y:: 683 -730
X, Y:: 682 -731
X, Y:: 681 -732
X, Y:: 680 -733
X, Y:: 679 -734
X, Y:: 678 -735
X, Y:: 677 -736
X, Y:: 676 -737
X, Y:: 675 -738
X, Y:: 674 -739
X, Y:: 673 -740
X, Y:: 672 -741
X, Y:: 671 -741
X, Y:: 670 -742
X, Y:: 669 -743
X, Y:: 668 -744
X, Y:: 667 -745
X, Y:: 666 -746
X, Y:: 665 -747
X, Y:: 664 -748
X, Y:: 663 -749
X, Y:: 662 -750
X, Y:: 661 -750
X, Y:: 660 -751
X, Y:: 659 -752
X, Y:: 658 -753
X, Y:: 657 -754
X, Y:: 656 -755
X, Y:: 655 -756
X, Y:: 654 -756
X, Y:: 653 -757
X, Y:: 652 -758
X, Y:: 651 -759
X, Y:: 650 -760
X, Y:: 649 -761
X, Y:: 648 -762
X, Y:: 647 -762
X, Y:: 646 -763
X, Y:: 645 -764
X, Y:: 644 -765
X, Y:: 643 -766
X, Y:: 642 -767
X, Y:: 641 -768
X, Y:: 640 -768
X, Y:: 639 -769
X, Y:: 638 -770
X, Y:: 637 -771
X, Y:: 636 -772
X, Y:: 635 -773
X, Y:: 634 -773
X, Y:: 633 -774
X, Y:: 632 -775
X, Y:: 631 -776
X, Y:: 630 -777
X, Y:: 629 -777
X, Y:: 628 -778
X, Y:: 627 -779
X, Y:: 626 -780
X, Y:: 625 -781
X, Y:: 624 -781
X, Y:: 623 -782
X, Y:: 622 -783
X, Y:: 621 -784
X, Y:: 620 -785
X, Y:: 619 -785
X, Y:: 618 -786
X, Y:: 617 -787
X, Y:: 616 -788
X, Y:: 615 -789
X, Y:: 614 -789
X, Y:: 613 -790
X, Y:: 612 -791
X, Y:: 611 -792
X, Y:: 610 -792
X, Y:: 609 -793
X, Y:: 608 -794
X, Y:: 607 -795
X, Y:: 606 -795
X, Y:: 605 -796
X, Y:: 604 -797
X, Y:: 603 -798
X, Y:: 602 -798
X, Y:: 601 -799
X, Y:: 600 -800
X, Y:: 599 -801
X, Y:: 598 -801
X, Y:: 597 -802
X, Y:: 596 -803
X, Y:: 595 -804
X, Y:: 594 -804
X, Y:: 593 -805
X, Y:: 592 -806
X, Y:: 591 -807
X, Y:: 590 -807
X, Y:: 589 -808
X, Y:: 588 -809
X, Y:: 587 -810
X, Y:: 586 -810
X, Y:: 585 -811
X, Y:: 584 -812
X, Y:: 583 -812
X, Y:: 582 -813
X, Y:: 581 -814
X, Y:: 580 -815
X, Y:: 579 -815
X, Y:: 578 -816
X, Y:: 577 -817
X, Y:: 576 -817
X, Y:: 575 -818
X, Y:: 574 -819
X, Y:: 573 -820
X, Y:: 572 -820
X, Y:: 571 -821
X, Y:: 570 -822
X, Y:: 569 -822
X, Y:: 568 -823
X, Y:: 567 -824
X, Y:: 566 -824
X, Y:: 565 -825
X, Y:: 564 -826
X, Y:: 563 -826
X, Y:: 562 -827
X, Y:: 561 -828
X, Y:: 560 -828
X, Y:: 559 -829
X, Y:: 558 -830
X, Y:: 557 -831
X, Y:: 556 -831
X, Y:: 555 -832
X, Y:: 554 -833
X, Y:: 553 -833
X, Y:: 552 -834
X, Y:: 551 -835
X, Y:: 550 -835
X, Y:: 549 -836
X, Y:: 548 -836
X, Y:: 547 -837
X, Y:: 546 -838
X, Y:: 545 -838
X, Y:: 544 -839
X, Y:: 543 -840
X, Y:: 542 -840
X, Y:: 541 -841
X, Y:: 540 -842
X, Y:: 539 -842
X, Y:: 538 -843
X, Y:: 537 -844
X, Y:: 536 -844
X, Y:: 535 -845
X, Y:: 534 -845
X, Y:: 533 -846
X, Y:: 532 -847
X, Y:: 531 -847
X, Y:: 530 -848
X, Y:: 529 -849
X, Y:: 528 -849
X, Y:: 527 -850
X, Y:: 526 -850
X, Y:: 525 -851
X, Y:: 524 -852
X, Y:: 523 -852
X, Y:: 522 -853
X, Y:: 521 -854
X, Y:: 520 -854
X, Y:: 519 -855
X, Y:: 518 -855
X, Y:: 517 -856
X, Y:: 516 -857
X, Y:: 515 -857
X, Y:: 514 -858
X, Y:: 513 -858
X, Y:: 512 -859
X, Y:: 511 -860
X, Y:: 510 -860
X, Y:: 509 -861
X, Y:: 508 -861
X, Y:: 507 -862
X, Y:: 506 -863
X, Y:: 505 -863
X, Y:: 504 -864
X, Y:: 503 -864
X, Y:: 502 -865
X, Y:: 501 -865
X, Y:: 500 -866
X, Y:: 499 -867
X, Y:: 498 -867
X, Y:: 497 -868
X, Y:: 496 -868
X, Y:: 495 -869
X, Y:: 494 -869
X, Y:: 493 -870
X, Y:: 492 -871
X, Y:: 491 -871
X, Y:: 490 -872
X, Y:: 489 -872
X, Y:: 488 -873
X, Y:: 487 -873
X, Y:: 486 -874
X, Y:: 485 -875
X, Y:: 484 -875
X, Y:: 483 -876
X, Y:: 482 -876
X, Y:: 481 -877
X, Y:: 480 -877
X, Y:: 479 -878
X, Y:: 478 -878
X, Y:: 477 -879
X, Y:: 476 -879
X, Y:: 475 -880
X, Y:: 474 -881
X, Y:: 473 -881
X, Y:: 472 -882
X, Y:: 471 -882
X, Y:: 470 -883
X, Y:: 469 -883
X, Y:: 468 -884
X, Y:: 467 -884
X, Y:: 466 -885
X, Y:: 465 -885
X, Y:: 464 -886
X, Y:: 463 -886
X, Y:: 462 -887
X, Y:: 461 -887
X, Y:: 460 -888
X, Y:: 459 -888
X, Y:: 458 -889
X, Y:: 457 -889
X, Y:: 456 -890
X, Y:: 455 -890
X, Y:: 454 -891
X, Y:: 453 -892
X, Y:: 452 -892
X, Y:: 451 -893
X, Y:: 450 -893
X, Y:: 449 -894
X, Y:: 448 -894
X, Y:: 447 -895
X, Y:: 446 -895
X, Y:: 445 -896
X, Y:: 444 -896
X, Y:: 443 -897
X, Y:: 442 -897
X, Y:: 441 -898
X, Y:: 440 -898
X, Y:: 439 -898
X, Y:: 438 -899
X, Y:: 437 -899
X, Y:: 436 -900
X, Y:: 435 -900
X, Y:: 434 -901
X, Y:: 433 -901
X, Y:: 432 -902
X, Y:: 431 -902
X, Y:: 430 -903
X, Y:: 429 -903
X, Y:: 428 -904
X, Y:: 427 -904
X, Y:: 426 -905
X, Y:: 425 -905
X, Y:: 424 -906
X, Y:: 423 -906
X, Y:: 422 -907
X, Y:: 421 -907
X, Y:: 420 -908
X, Y:: 419 -908
X, Y:: 418 -908
X, Y:: 417 -909
X, Y:: 416 -909
X, Y:: 415 -910
X, Y:: 414 -910
X, Y:: 413 -911
X, Y:: 412 -911
X, Y:: 411 -912
X, Y:: 410 -912
X, Y:: 409 -913
X, Y:: 408 -913
X, Y:: 407 -913
X, Y:: 406 -914
X, Y:: 405 -914
X, Y:: 404 -915
X, Y:: 403 -915
X, Y:: 402 -916
X, Y:: 401 -916
X, Y:: 400 -917
X, Y:: 399 -917
X, Y:: 398 -917
X, Y:: 397 -918
X, Y:: 396 -918
X, Y:: 395 -919
X, Y:: 394 -919
X, Y:: 393 -920
X, Y:: 392 -920
X, Y:: 391 -920
X, Y:: 390 -921
X, Y:: 389 -921
X, Y:: 388 -922
X, Y:: 387 -922
X, Y:: 386 -922
X, Y:: 385 -923
X, Y:: 384 -923
X, Y:: 383 -924
X, Y:: 382 -924
X, Y:: 381 -925
X, Y:: 380 -925
X, Y:: 379 -925
X, Y:: 378 -926
X, Y:: 377 -926
X, Y:: 376 -927
X, Y:: 375 -927
X, Y:: 374 -927
X, Y:: 373 -928
X, Y:: 372 -928
X, Y:: 371 -929
X, Y:: 370 -929
X, Y:: 369 -929
X, Y:: 368 -930
X, Y:: 367 -930
X, Y:: 366 -931
X, Y:: 365 -931
X, Y:: 364 -931
X, Y:: 363 -932
X, Y:: 362 -932
X, Y:: 361 -933
X, Y:: 360 -933
X, Y:: 359 -933
X, Y:: 358 -934
X, Y:: 357 -934
X, Y:: 356 -934
X, Y:: 355 -935
X, Y:: 354 -935
X, Y:: 353 -936
X, Y:: 352 -936
X, Y:: 351 -936
X, Y:: 350 -937
X, Y:: 349 -937
X, Y:: 348 -937
X, Y:: 347 -938
X, Y:: 346 -938
X, Y:: 345 -939
X, Y:: 344 -939
X, Y:: 343 -939
X, Y:: 342 -940
X, Y:: 341 -940
X, Y:: 340 -940
X, Y:: 339 -941
X, Y:: 338 -941
X, Y:: 337 -942
X, Y:: 336 -942
X, Y:: 335 -942
X, Y:: 334 -943
X, Y:: 333 -943
X, Y:: 332 -943
X, Y:: 331 -944
X, Y:: 330 -944
X, Y:: 329 -944
X, Y:: 328 -945
X, Y:: 327 -945
X, Y:: 326 -945
X, Y:: 325 -946
X, Y:: 324 -946
X, Y:: 323 -946
X, Y:: 322 -947
X, Y:: 321 -947
X, Y:: 320 -947
X, Y:: 319 -948
X, Y:: 318 -948
X, Y:: 317 -948
X, Y:: 316 -949
X, Y:: 315 -949
X, Y:: 314 -949
X, Y:: 313 -950
X, Y:: 312 -950
X, Y:: 311 -950
X, Y:: 310 -951
X, Y:: 309 -951
X, Y:: 308 -951
X, Y:: 307 -952
X, Y:: 306 -952
X, Y:: 305 -952
X, Y:: 304 -953
X, Y:: 303 -953
X, Y:: 302 -953
X, Y:: 301 -954
X, Y:: 300 -954
X, Y:: 299 -954
X, Y:: 298 -955
X, Y:: 297 -955
X, Y:: 296 -955
X, Y:: 295 -955
X, Y:: 294 -956
X, Y:: 293 -956
X, Y:: 292 -956
X, Y:: 291 -957
X, Y:: 290 -957
X, Y:: 289 -957
X, Y:: 288 -958
X, Y:: 287 -958
X, Y:: 286 -958
X, Y:: 285 -959
X, Y:: 284 -959
X, Y:: 283 -959
X, Y:: 282 -959
X, Y:: 281 -960
X, Y:: 280 -960
X, Y:: 279 -960
X, Y:: 278 -961
X, Y:: 277 -961
X, Y:: 276 -961
X, Y:: 275 -961
X, Y:: 274 -962
X, Y:: 273 -962
X, Y:: 272 -962
X, Y:: 271 -963
X, Y:: 270 -963
X, Y:: 269 -963
X, Y:: 268 -963
X, Y:: 267 -964
X, Y:: 266 -964
X, Y:: 265 -964
X, Y:: 264 -965
X, Y:: 263 -965
X, Y:: 262 -965
X, Y:: 261 -965
X, Y:: 260 -966
X, Y:: 259 -966
X, Y:: 258 -966
X, Y:: 257 -966
X, Y:: 256 -967
X, Y:: 255 -967
X, Y:: 254 -967
X, Y:: 253 -967
X, Y:: 252 -968
X, Y:: 251 -968
X, Y:: 250 -968
X, Y:: 249 -969
X, Y:: 248 -969
X, Y:: 247 -969
X, Y:: 246 -969
X, Y:: 245 -970
X, Y:: 244 -970
X, Y:: 243 -970
X, Y:: 242 -970
X, Y:: 241 -971
X, Y:: 240 -971
X, Y:: 239 -971
X, Y:: 238 -971
X, Y:: 237 -972
X, Y:: 236 -972
X, Y:: 235 -972
X, Y:: 234 -972
X, Y:: 233 -972
X, Y:: 232 -973
X, Y:: 231 -973
X, Y:: 230 -973
X, Y:: 229 -973
X, Y:: 228 -974
X, Y:: 227 -974
X, Y:: 226 -974
X, Y:: 225 -974
X, Y:: 224 -975
X, Y:: 223 -975
X, Y:: 222 -975
X, Y:: 221 -975
X, Y:: 220 -975
X, Y:: 219 -976
X, Y:: 218 -976
X, Y:: 217 -976
X, Y:: 216 -976
X, Y:: 215 -977
X, Y:: 214 -977
X, Y:: 213 -977
X, Y:: 212 -977
X, Y:: 211 -977
X, Y:: 210 -978
X, Y:: 209 -978
X, Y:: 208 -978
X, Y:: 207 -978
X, Y:: 206 -979
X, Y:: 205 -979
X, Y:: 204 -979
X, Y:: 203 -979
X, Y:: 202 -979
X, Y:: 201 -980
X, Y:: 200 -980
X, Y:: 199 -980
X, Y:: 198 -980
X, Y:: 197 -980
X, Y:: 196 -981
X, Y:: 195 -981
X, Y:: 194 -981
X, Y:: 193 -981
X, Y:: 192 -981
X, Y:: 191 -982
X, Y:: 190 -982
X, Y:: 189 -982
X, Y:: 188 -982
X, Y:: 187 -982
X, Y:: 186 -983
X, Y:: 185 -983
X, Y:: 184 -983
X, Y:: 183 -983
X, Y:: 182 -983
X, Y:: 181 -983
X, Y:: 180 -984
X, Y:: 179 -984
X, Y:: 178 -984
X, Y:: 177 -984
X, Y:: 176 -984
X, Y:: 175 -985
X, Y:: 174 -985
X, Y:: 173 -985
X, Y:: 172 -985
X, Y:: 171 -985
X, Y:: 170 -985
X, Y:: 169 -986
X, Y:: 168 -986
X, Y:: 167 -986
X, Y:: 166 -986
X, Y:: 165 -986
X, Y:: 164 -986
X, Y:: 163 -987
X, Y:: 162 -987
X, Y:: 161 -987
X, Y:: 160 -987
X, Y:: 159 -987
X, Y:: 158 -987
X, Y:: 157 -988
X, Y:: 156 -988
X, Y:: 155 -988
X, Y:: 154 -988
X, Y:: 153 -988
X, Y:: 152 -988
X, Y:: 151 -989
X, Y:: 150 -989
X, Y:: 149 -989
X, Y:: 148 -989
X, Y:: 147 -989
X, Y:: 146 -989
X, Y:: 145 -989
X, Y:: 144 -990
X, Y:: 143 -990
X, Y:: 142 -990
X, Y:: 141 -990
X, Y:: 140 -990
X, Y:: 139 -990
X, Y:: 138 -990
X, Y:: 137 -991
X, Y:: 136 -991
X, Y:: 135 -991
X, Y:: 134 -991
X, Y:: 133 -991
X, Y:: 132 -991
X, Y:: 131 -991
X, Y:: 130 -992
X, Y:: 129 -992
X, Y:: 128 -992
X, Y:: 127 -992
X, Y:: 126 -992
X, Y:: 125 -992
X, Y:: 124 -992
X, Y:: 123 -992
X, Y:: 122 -993
X, Y:: 121 -993
X, Y:: 120 -993
X, Y:: 119 -993
X, Y:: 118 -993
X, Y:: 117 -993
X, Y:: 116 -993
X, Y:: 115 -993
X, Y:: 114 -993
X, Y:: 113 -994
X, Y:: 112 -994
X, Y:: 111 -994
X, Y:: 110 -994
X, Y:: 109 -994
X, Y:: 108 -994
X, Y:: 107 -994
X, Y:: 106 -994
X, Y:: 105 -994
X, Y:: 104 -995
X, Y:: 103 -995
X, Y:: 102 -995
X, Y:: 101 -995
X, Y:: 100 -995
X, Y:: 99 -995
X, Y:: 98 -995
X, Y:: 97 -995
X, Y:: 96 -995
X, Y:: 95 -995
X, Y:: 94 -996
X, Y:: 93 -996
X, Y:: 92 -996
X, Y:: 91 -996
X, Y:: 90 -996
X, Y:: 89 -996
X, Y:: 88 -996
X, Y:: 87 -996
X, Y:: 86 -996
X, Y:: 85 -996
X, Y:: 84 -996
X, Y:: 83 -997
X, Y:: 82 -997
X, Y:: 81 -997
X, Y:: 80 -997
X, Y:: 79 -997
X, Y:: 78 -997
X, Y:: 77 -997
X, Y:: 76 -997
X, Y:: 75 -997
X, Y:: 74 -997
X, Y:: 73 -997
X, Y:: 72 -997
X, Y:: 71 -997
X, Y:: 70 -998
X, Y:: 69 -998
X, Y:: 68 -998
X, Y:: 67 -998
X, Y:: 66 -998
X, Y:: 65 -998
X, Y:: 64 -998
X, Y:: 63 -998
X, Y:: 62 -998
X, Y:: 61 -998
X, Y:: 60 -998
X, Y:: 59 -998
X, Y:: 58 -998
X, Y:: 57 -998
X, Y:: 56 -998
X, Y:: 55 -998
X, Y:: 54 -999
X, Y:: 53 -999
X, Y:: 52 -999
X, Y:: 51 -999
X, Y:: 50 -999
X, Y:: 49 -999
X, Y:: 48 -999
X, Y:: 47 -999
X, Y:: 46 -999
X, Y:: 45 -999
X, Y:: 44 -999
X, Y:: 43 -999
X, Y:: 42 -999
X, Y:: 41 -999
X, Y:: 40 -999
X, Y:: 39 -999
X, Y:: 38 -999
X, Y:: 37 -999
X, Y:: 36 -999
X, Y:: 35 -999
X, Y:: 34 -999
X, Y:: 33 -999
X, Y:: 32 -999
X, Y:: 31 -1000
X, Y:: 30 -1000
X, Y:: 29 -1000
X, Y:: 28 -1000
X, Y:: 27 -1000
X, Y:: 26 -1000
X, Y:: 25 -1000
X, Y:: 24 -1000
X, Y:: 23 -1000
X, Y:: 22 -1000
X, Y:: 21 -1000
X, Y:: 20 -1000
X, Y:: 19 -1000
X, Y:: 18 -1000
X, Y:: 17 -1000
X, Y:: 16 -1000
X, Y:: 15 -1000
X, Y:: 14 -1000
X, Y:: 13 -1000
X, Y:: 12 -1000
X, Y:: 11 -1000
X, Y:: 10 -1000
X, Y:: 9 -1000
X, Y:: 8 -1000
X, Y:: 7 -1000
X, Y:: 6 -1000
X, Y:: 5 -1000
X, Y:: 4 -1000
X, Y:: 3 -1000
X, Y:: 2 -1000
X, Y:: 1 -1000
X, Y:: 0 -1000
D7!
DEBUG (radius, decision, start_x, start_y, x_increment, y_increment, current_slope, independent, dependent, decision factor, ((float)PI/2.0 - abs(current_slope))), decision(if):: 1000 -1997.00 0 -1000 0 0 -1.57 0 -1000 1 0.00 1
X, Y:: -1 -1000
X, Y:: -2 -1000
X, Y:: -3 -1000
X, Y:: -4 -1000
X, Y:: -5 -1000
X, Y:: -6 -1000
X, Y:: -7 -1000
X, Y:: -8 -1000
X, Y:: -9 -1000
X, Y:: -10 -1000
X, Y:: -11 -1000
X, Y:: -12 -1000
X, Y:: -13 -1000
X, Y:: -14 -1000
X, Y:: -15 -1000
X, Y:: -16 -1000
X, Y:: -17 -1000
X, Y:: -18 -1000
X, Y:: -19 -1000
X, Y:: -20 -1000
X, Y:: -21 -1000
X, Y:: -22 -1000
X, Y:: -23 -1000
X, Y:: -24 -1000
X, Y:: -25 -1000
X, Y:: -26 -1000
X, Y:: -27 -1000
X, Y:: -28 -1000
X, Y:: -29 -1000
X, Y:: -30 -1000
X, Y:: -31 -1000
X, Y:: -32 -999
X, Y:: -33 -999
X, Y:: -34 -999
X, Y:: -35 -999
X, Y:: -36 -999
X, Y:: -37 -999
X, Y:: -38 -999
X, Y:: -39 -999
X, Y:: -40 -999
X, Y:: -41 -999
X, Y:: -42 -999
X, Y:: -43 -999
X, Y:: -44 -999
X, Y:: -45 -999
X, Y:: -46 -999
X, Y:: -47 -999
X, Y:: -48 -999
X, Y:: -49 -999
X, Y:: -50 -999
X, Y:: -51 -999
X, Y:: -52 -999
X, Y:: -53 -999
X, Y:: -54 -999
X, Y:: -55 -998
X, Y:: -56 -998
X, Y:: -57 -998
X, Y:: -58 -998
X, Y:: -59 -998
X, Y:: -60 -998
X, Y:: -61 -998
X, Y:: -62 -998
X, Y:: -63 -998
X, Y:: -64 -998
X, Y:: -65 -998
X, Y:: -66 -998
X, Y:: -67 -998
X, Y:: -68 -998
X, Y:: -69 -998
X, Y:: -70 -998
X, Y:: -71 -997
X, Y:: -72 -997
X, Y:: -73 -997
X, Y:: -74 -997
X, Y:: -75 -997
X, Y:: -76 -997
X, Y:: -77 -997
X, Y:: -78 -997
X, Y:: -79 -997
X, Y:: -80 -997
X, Y:: -81 -997
X, Y:: -82 -997
X, Y:: -83 -997
X, Y:: -84 -996
X, Y:: -85 -996
X, Y:: -86 -996
X, Y:: -87 -996
X, Y:: -88 -996
X, Y:: -89 -996
X, Y:: -90 -996
X, Y:: -91 -996
X, Y:: -92 -996
X, Y:: -93 -996
X, Y:: -94 -996
X, Y:: -95 -995
X, Y:: -96 -995
X, Y:: -97 -995
X, Y:: -98 -995
X, Y:: -99 -995
X, Y:: -100 -995
X, Y:: -101 -995
X, Y:: -102 -995
X, Y:: -103 -995
X, Y:: -104 -995
X, Y:: -105 -994
X, Y:: -106 -994
X, Y:: -107 -994
X, Y:: -108 -994
X, Y:: -109 -994
X, Y:: -110 -994
X, Y:: -111 -994
X, Y:: -112 -994
X, Y:: -113 -994
X, Y:: -114 -993
X, Y:: -115 -993
X, Y:: -116 -993
X, Y:: -117 -993
X, Y:: -118 -993
X, Y:: -119 -993
X, Y:: -120 -993
X, Y:: -121 -993
X, Y:: -122 -993
X, Y:: -123 -992
X, Y:: -124 -992
X, Y:: -125 -992
X, Y:: -126 -992
X, Y:: -127 -992
X, Y:: -128 -992
X, Y:: -129 -992
X, Y:: -130 -992
X, Y:: -131 -991
X, Y:: -132 -991
X, Y:: -133 -991
X, Y:: -134 -991
X, Y:: -135 -991
X, Y:: -136 -991
X, Y:: -137 -991
X, Y:: -138 -990
X, Y:: -139 -990
X, Y:: -140 -990
X, Y:: -141 -990
X, Y:: -142 -990
X, Y:: -143 -990
X, Y:: -144 -990
X, Y:: -145 -989
X, Y:: -146 -989
X, Y:: -147 -989
X, Y:: -148 -989
X, Y:: -149 -989
X, Y:: -150 -989
X, Y:: -151 -989
X, Y:: -152 -988
X, Y:: -153 -988
X, Y:: -154 -988
X, Y:: -155 -988
X, Y:: -156 -988
X, Y:: -157 -988
X, Y:: -158 -987
X, Y:: -159 -987
X, Y:: -160 -987
X, Y:: -161 -987
X, Y:: -162 -987
X, Y:: -163 -987
X, Y:: -164 -986
X, Y:: -165 -986
X, Y:: -166 -986
X, Y:: -167 -986
X, Y:: -168 -986
X, Y:: -169 -986
X, Y:: -170 -985
X, Y:: -171 -985
X, Y:: -172 -985
X, Y:: -173 -985
X, Y:: -174 -985
X, Y:: -175 -985
X, Y:: -176 -984
X, Y:: -177 -984
X, Y:: -178 -984
X, Y:: -179 -984
X, Y:: -180 -984
X, Y:: -181 -983
X, Y:: -182 -983
X, Y:: -183 -983
X, Y:: -184 -983
X, Y:: -185 -983
X, Y:: -186 -983
X, Y:: -187 -982
X, Y:: -188 -982
X, Y:: -189 -982
X, Y:: -190 -982
X, Y:: -191 -982
X, Y:: -192 -981
X, Y:: -193 -981
X, Y:: -194 -981
X, Y:: -195 -981
X, Y:: -196 -981
X, Y:: -197 -980
X, Y:: -198 -980
X, Y:: -199 -980
X, Y:: -200 -980
X, Y:: -201 -980
X, Y:: -202 -979
X, Y:: -203 -979
X, Y:: -204 -979
X, Y:: -205 -979
X, Y:: -206 -979
X, Y:: -207 -978
X, Y:: -208 -978
X, Y:: -209 -978
X, Y:: -210 -978
X, Y:: -211 -977
X, Y:: -212 -977
X, Y:: -213 -977
X, Y:: -214 -977
X, Y:: -215 -977
X, Y:: -216 -976
X, Y:: -217 -976
X, Y:: -218 -976
X, Y:: -219 -976
X, Y:: -220 -975
X, Y:: -221 -975
X, Y:: -222 -975
X, Y:: -223 -975
X, Y:: -224 -975
X, Y:: -225 -974
X, Y:: -226 -974
X, Y:: -227 -974
X, Y:: -228 -974
X, Y:: -229 -973
X, Y:: -230 -973
X, Y:: -231 -973
X, Y:: -232 -973
X, Y:: -233 -972
X, Y:: -234 -972
X, Y:: -235 -972
X, Y:: -236 -972
X, Y:: -237 -972
X, Y:: -238 -971
X, Y:: -239 -971
X, Y:: -240 -971
X, Y:: -241 -971
X, Y:: -242 -970
X, Y:: -243 -970
X, Y:: -244 -970
X, Y:: -245 -970
X, Y:: -246 -969
X, Y:: -247 -969
X, Y:: -248 -969
X, Y:: -249 -969
X, Y:: -250 -968
X, Y:: -251 -968
X, Y:: -252 -968
X, Y:: -253 -967
X, Y:: -254 -967
X, Y:: -255 -967
X, Y:: -256 -967
X, Y:: -257 -966
X, Y:: -258 -966
X, Y:: -259 -966
X, Y:: -260 -966
X, Y:: -261 -965
X, Y:: -262 -965
X, Y:: -263 -965
X, Y:: -264 -965
X, Y:: -265 -964
X, Y:: -266 -964
X, Y:: -267 -964
X, Y:: -268 -963
X, Y:: -269 -963
X, Y:: -270 -963
X, Y:: -271 -963
X, Y:: -272 -962
X, Y:: -273 -962
X, Y:: -274 -962
X, Y:: -275 -961
X, Y:: -276 -961
X, Y:: -277 -961
X, Y:: -278 -961
X, Y:: -279 -960
X, Y:: -280 -960
X, Y:: -281 -960
X, Y:: -282 -959
X, Y:: -283 -959
X, Y:: -284 -959
X, Y:: -285 -959
X, Y:: -286 -958
X, Y:: -287 -958
X, Y:: -288 -958
X, Y:: -289 -957
X, Y:: -290 -957
X, Y:: -291 -957
X, Y:: -292 -956
X, Y:: -293 -956
X, Y:: -294 -956
X, Y:: -295 -955
X, Y:: -296 -955
X, Y:: -297 -955
X, Y:: -298 -955
X, Y:: -299 -954
X, Y:: -300 -954
X, Y:: -301 -954
X, Y:: -302 -953
X, Y:: -303 -953
X, Y:: -304 -953
X, Y:: -305 -952
X, Y:: -306 -952
X, Y:: -307 -952
X, Y:: -308 -951
X, Y:: -309 -951
X, Y:: -310 -951
X, Y:: -311 -950
X, Y:: -312 -950
X, Y:: -313 -950
X, Y:: -314 -949
X, Y:: -315 -949
X, Y:: -316 -949
X, Y:: -317 -948
X, Y:: -318 -948
X, Y:: -319 -948
X, Y:: -320 -947
X, Y:: -321 -947
X, Y:: -322 -947
X, Y:: -323 -946
X, Y:: -324 -946
X, Y:: -325 -946
X, Y:: -326 -945
X, Y:: -327 -945
X, Y:: -328 -945
X, Y:: -329 -944
X, Y:: -330 -944
X, Y:: -331 -944
X, Y:: -332 -943
X, Y:: -333 -943
X, Y:: -334 -943
X, Y:: -335 -942
X, Y:: -336 -942
X, Y:: -337 -942
X, Y:: -338 -941
X, Y:: -339 -941
X, Y:: -340 -940
X, Y:: -341 -940
X, Y:: -342 -940
X, Y:: -343 -939
X, Y:: -344 -939
X, Y:: -345 -939
X, Y:: -346 -938
X, Y:: -347 -938
X, Y:: -348 -937
X, Y:: -349 -937
X, Y:: -350 -937
X, Y:: -351 -936
X, Y:: -352 -936
X, Y:: -353 -936
X, Y:: -354 -935
X, Y:: -355 -935
X, Y:: -356 -934
X, Y:: -357 -934
X, Y:: -358 -934
X, Y:: -359 -933
X, Y:: -360 -933
X, Y:: -361 -933
X, Y:: -362 -932
X, Y:: -363 -932
X, Y:: -364 -931
X, Y:: -365 -931
X, Y:: -366 -931
X, Y:: -367 -930
X, Y:: -368 -930
X, Y:: -369 -929
X, Y:: -370 -929
X, Y:: -371 -929
X, Y:: -372 -928
X, Y:: -373 -928
X, Y:: -374 -927
X, Y:: -375 -927
X, Y:: -376 -927
X, Y:: -377 -926
X, Y:: -378 -926
X, Y:: -379 -925
X, Y:: -380 -925
X, Y:: -381 -925
X, Y:: -382 -924
X, Y:: -383 -924
X, Y:: -384 -923
X, Y:: -385 -923
X, Y:: -386 -922
X, Y:: -387 -922
X, Y:: -388 -922
X, Y:: -389 -921
X, Y:: -390 -921
X, Y:: -391 -920
X, Y:: -392 -920
X, Y:: -393 -920
X, Y:: -394 -919
X, Y:: -395 -919
X, Y:: -396 -918
X, Y:: -397 -918
X, Y:: -398 -917
X, Y:: -399 -917
X, Y:: -400 -917
X, Y:: -401 -916
X, Y:: -402 -916
X, Y:: -403 -915
X, Y:: -404 -915
X, Y:: -405 -914
X, Y:: -406 -914
X, Y:: -407 -913
X, Y:: -408 -913
X, Y:: -409 -913
X, Y:: -410 -912
X, Y:: -411 -912
X, Y:: -412 -911
X, Y:: -413 -911
X, Y:: -414 -910
X, Y:: -415 -910
X, Y:: -416 -909
X, Y:: -417 -909
X, Y:: -418 -908
X, Y:: -419 -908
X, Y:: -420 -908
X, Y:: -421 -907
X, Y:: -422 -907
X, Y:: -423 -906
X, Y:: -424 -906
X, Y:: -425 -905
X, Y:: -426 -905
X, Y:: -427 -904
X, Y:: -428 -904
X, Y:: -429 -903
X, Y:: -430 -903
X, Y:: -431 -902
X, Y:: -432 -902
X, Y:: -433 -901
X, Y:: -434 -901
X, Y:: -435 -900
X, Y:: -436 -900
X, Y:: -437 -899
X, Y:: -438 -899
X, Y:: -439 -898
X, Y:: -440 -898
X, Y:: -441 -898
X, Y:: -442 -897
X, Y:: -443 -897
X, Y:: -444 -896
X, Y:: -445 -896
X, Y:: -446 -895
X, Y:: -447 -895
X, Y:: -448 -894
X, Y:: -449 -894
X, Y:: -450 -893
X, Y:: -451 -893
X, Y:: -452 -892
X, Y:: -453 -892
X, Y:: -454 -891
X, Y:: -455 -890
X, Y:: -456 -890
X, Y:: -457 -889
X, Y:: -458 -889
X, Y:: -459 -888
X, Y:: -460 -888
X, Y:: -461 -887
X, Y:: -462 -887
X, Y:: -463 -886
X, Y:: -464 -886
X, Y:: -465 -885
X, Y:: -466 -885
X, Y:: -467 -884
X, Y:: -468 -884
X, Y:: -469 -883
X, Y:: -470 -883
X, Y:: -471 -882
X, Y:: -472 -882
X, Y:: -473 -881
X, Y:: -474 -881
X, Y:: -475 -880
X, Y:: -476 -879
X, Y:: -477 -879
X, Y:: -478 -878
X, Y:: -479 -878
X, Y:: -480 -877
X, Y:: -481 -877
X, Y:: -482 -876
X, Y:: -483 -876
X, Y:: -484 -875
X, Y:: -485 -875
X, Y:: -486 -874
X, Y:: -487 -873
X, Y:: -488 -873
X, Y:: -489 -872
X, Y:: -490 -872
X, Y:: -491 -871
X, Y:: -492 -871
X, Y:: -493 -870
X, Y:: -494 -869
X, Y:: -495 -869
X, Y:: -496 -868
X, Y:: -497 -868
X, Y:: -498 -867
X, Y:: -499 -867
X, Y:: -500 -866
X, Y:: -501 -865
X, Y:: -502 -865
X, Y:: -503 -864
X, Y:: -504 -864
X, Y:: -505 -863
X, Y:: -506 -863
X, Y:: -507 -862
X, Y:: -508 -861
X, Y:: -509 -861
X, Y:: -510 -860
X, Y:: -511 -860
X, Y:: -512 -859
X, Y:: -513 -858
X, Y:: -514 -858
X, Y:: -515 -857
X, Y:: -516 -857
X, Y:: -517 -856
X, Y:: -518 -855
X, Y:: -519 -855
X, Y:: -520 -854
X, Y:: -521 -854
X, Y:: -522 -853
X, Y:: -523 -852
X, Y:: -524 -852
X, Y:: -525 -851
X, Y:: -526 -850
X, Y:: -527 -850
X, Y:: -528 -849
X, Y:: -529 -849
X, Y:: -530 -848
X, Y:: -531 -847
X, Y:: -532 -847
X, Y:: -533 -846
X, Y:: -534 -845
X, Y:: -535 -845
X, Y:: -536 -844
X, Y:: -537 -844
X, Y:: -538 -843
X, Y:: -539 -842
X, Y:: -540 -842
X, Y:: -541 -841
X, Y:: -542 -840
X, Y:: -543 -840
X, Y:: -544 -839
X, Y:: -545 -838
X, Y:: -546 -838
X, Y:: -547 -837
X, Y:: -548 -836
X, Y:: -549 -836
X, Y:: -550 -835
X, Y:: -551 -835
X, Y:: -552 -834
X, Y:: -553 -833
X, Y:: -554 -833
X, Y:: -555 -832
X, Y:: -556 -831
X, Y:: -557 -831
X, Y:: -558 -830
X, Y:: -559 -829
X, Y:: -560 -828
X, Y:: -561 -828
X, Y:: -562 -827
X, Y:: -563 -826
X, Y:: -564 -826
X, Y:: -565 -825
X, Y:: -566 -824
X, Y:: -567 -824
X, Y:: -568 -823
X, Y:: -569 -822
X, Y:: -570 -822
X, Y:: -571 -821
X, Y:: -572 -820
X, Y:: -573 -820
X, Y:: -574 -819
X, Y:: -575 -818
X, Y:: -576 -817
X, Y:: -577 -817
X, Y:: -578 -816
X, Y:: -579 -815
X, Y:: -580 -815
X, Y:: -581 -814
X, Y:: -582 -813
X, Y:: -583 -812
X, Y:: -584 -812
X, Y:: -585 -811
X, Y:: -586 -810
X, Y:: -587 -810
X, Y:: -588 -809
X, Y:: -589 -808
X, Y:: -590 -807
X, Y:: -591 -807
X, Y:: -592 -806
X, Y:: -593 -805
X, Y:: -594 -804
X, Y:: -595 -804
X, Y:: -596 -803
X, Y:: -597 -802
X, Y:: -598 -801
X, Y:: -599 -801
X, Y:: -600 -800
X, Y:: -601 -799
X, Y:: -602 -798
X, Y:: -603 -798
X, Y:: -604 -797
X, Y:: -605 -796
X, Y:: -606 -795
X, Y:: -607 -795
X, Y:: -608 -794
X, Y:: -609 -793
X, Y:: -610 -792
X, Y:: -611 -792
X, Y:: -612 -791
X, Y:: -613 -790
X, Y:: -614 -789
X, Y:: -615 -789
X, Y:: -616 -788
X, Y:: -617 -787
X, Y:: -618 -786
X, Y:: -619 -785
X, Y:: -620 -785
X, Y:: -621 -784
X, Y:: -622 -783
X, Y:: -623 -782
X, Y:: -624 -781
X, Y:: -625 -781
X, Y:: -626 -780
X, Y:: -627 -779
X, Y:: -628 -778
X, Y:: -629 -777
X, Y:: -630 -777
X, Y:: -631 -776
X, Y:: -632 -775
X, Y:: -633 -774
X, Y:: -634 -773
X, Y:: -635 -773
X, Y:: -636 -772
X, Y:: -637 -771
X, Y:: -638 -770
X, Y:: -639 -769
X, Y:: -640 -768
X, Y:: -641 -768
X, Y:: -642 -767
X, Y:: -643 -766
X, Y:: -644 -765
X, Y:: -645 -764
X, Y:: -646 -763
X, Y:: -647 -762
X, Y:: -648 -762
X, Y:: -649 -761
X, Y:: -650 -760
X, Y:: -651 -759
X, Y:: -652 -758
X, Y:: -653 -757
X, Y:: -654 -756
X, Y:: -655 -756
X, Y:: -656 -755
X, Y:: -657 -754
X, Y:: -658 -753
X, Y:: -659 -752
X, Y:: -660 -751
X, Y:: -661 -750
X, Y:: -662 -750
X, Y:: -663 -749
X, Y:: -664 -748
X, Y:: -665 -747
X, Y:: -666 -746
X, Y:: -667 -745
X, Y:: -668 -744
X, Y:: -669 -743
X, Y:: -670 -742
X, Y:: -671 -741
X, Y:: -672 -741
X, Y:: -673 -740
X, Y:: -674 -739
X, Y:: -675 -738
X, Y:: -676 -737
X, Y:: -677 -736
X, Y:: -678 -735
X, Y:: -679 -734
X, Y:: -680 -733
X, Y:: -681 -732
X, Y:: -682 -731
X, Y:: -683 -730
X, Y:: -684 -729
X, Y:: -685 -729
X, Y:: -686 -728
X, Y:: -687 -727
X, Y:: -688 -726
X, Y:: -689 -725
X, Y:: -690 -724
X, Y:: -691 -723
X, Y:: -692 -722
X, Y:: -693 -721
X, Y:: -694 -720
X, Y:: -695 -719
X, Y:: -696 -718
X, Y:: -697 -717
X, Y:: -698 -716
X, Y:: -699 -715
X, Y:: -700 -714
X, Y:: -701 -713
X, Y:: -702 -712
X, Y:: -703 -711
X, Y:: -704 -710
X, Y:: -705 -709
X, Y:: -706 -708
X, Y:: -707 -707
X, Y:: -708 -706
D7!
DEBUG (radius, decision, start_x, start_y, x_increment, y_increment, current_slope, independent, dependent, decision factor, ((float)PI/2.0 - abs(current_slope))), decision(if):: 1000 -2005.00 -708 -706 0 0 -2.36 -706 -708 -1 -0.79 1
X, Y:: -709 -705
X, Y:: -710 -704
X, Y:: -711 -703
X, Y:: -712 -702
X, Y:: -713 -701
X, Y:: -714 -700
X, Y:: -715 -699
X, Y:: -716 -698
X, Y:: -717 -697
X, Y:: -718 -696
X, Y:: -719 -695
X, Y:: -720 -694
X, Y:: -721 -693
X, Y:: -722 -692
X, Y:: -723 -691
X, Y:: -724 -690
X, Y:: -725 -689
X, Y:: -726 -688
X, Y:: -727 -687
X, Y:: -728 -686
X, Y:: -729 -685
X, Y:: -729 -684
X, Y:: -730 -683
X, Y:: -731 -682
X, Y:: -732 -681
X, Y:: -733 -680
X, Y:: -734 -679
X, Y:: -735 -678
X, Y:: -736 -677
X, Y:: -737 -676
X, Y:: -738 -675
X, Y:: -739 -674
X, Y:: -740 -673
X, Y:: -741 -672
X, Y:: -741 -671
X, Y:: -742 -670
X, Y:: -743 -669
X, Y:: -744 -668
X, Y:: -745 -667
X, Y:: -746 -666
X, Y:: -747 -665
X, Y:: -748 -664
X, Y:: -749 -663
X, Y:: -750 -662
X, Y:: -750 -661
X, Y:: -751 -660
X, Y:: -752 -659
X, Y:: -753 -658
X, Y:: -754 -657
X, Y:: -755 -656
X, Y:: -756 -655
X, Y:: -756 -654
X, Y:: -757 -653
X, Y:: -758 -652
X, Y:: -759 -651
X, Y:: -760 -650
X, Y:: -761 -649
X, Y:: -762 -648
X, Y:: -762 -647
X, Y:: -763 -646
X, Y:: -764 -645
X, Y:: -765 -644
X, Y:: -766 -643
X, Y:: -767 -642
X, Y:: -768 -641
X, Y:: -768 -640
X, Y:: -769 -639
X, Y:: -770 -638
X, Y:: -771 -637
X, Y:: -772 -636
X, Y:: -773 -635
X, Y:: -773 -634
X, Y:: -774 -633
X, Y:: -775 -632
X, Y:: -776 -631
X, Y:: -777 -630
X, Y:: -777 -629
X, Y:: -778 -628
X, Y:: -779 -627
X, Y:: -780 -626
X, Y:: -781 -625
X, Y:: -781 -624
X, Y:: -782 -623
X, Y:: -783 -622
X, Y:: -784 -621
X, Y:: -785 -620
X, Y:: -785 -619
X, Y:: -786 -618
X, Y:: -787 -617
X, Y:: -788 -616
X, Y:: -789 -615
X, Y:: -789 -614
X, Y:: -790 -613
X, Y:: -791 -612
X, Y:: -792 -611
X, Y:: -792 -610
X, Y:: -793 -609
X, Y:: -794 -608
X, Y:: -795 -607
X, Y:: -795 -606
X, Y:: -796 -605
X, Y:: -797 -604
X, Y:: -798 -603
X, Y:: -798 -602
X, Y:: -799 -601
X, Y:: -800 -600
X, Y:: -801 -599
X, Y:: -801 -598
X, Y:: -802 -597
X, Y:: -803 -596
X, Y:: -804 -595
X, Y:: -804 -594
X, Y:: -805 -593
X, Y:: -806 -592
X, Y:: -807 -591
X, Y:: -807 -590
X, Y:: -808 -589
X, Y:: -809 -588
X, Y:: -810 -587
X, Y:: -810 -586
X, Y:: -811 -585
X, Y:: -812 -584
X, Y:: -812 -583
X, Y:: -813 -582
X, Y:: -814 -581
X, Y:: -815 -580
X, Y:: -815 -579
X, Y:: -816 -578
X, Y:: -817 -577
X, Y:: -817 -576
X, Y:: -818 -575
X, Y:: -819 -574
X, Y:: -820 -573
X, Y:: -820 -572
X, Y:: -821 -571
X, Y:: -822 -570
X, Y:: -822 -569
X, Y:: -823 -568
X, Y:: -824 -567
X, Y:: -824 -566
X, Y:: -825 -565
X, Y:: -826 -564
X, Y:: -826 -563
X, Y:: -827 -562
X, Y:: -828 -561
X, Y:: -828 -560
X, Y:: -829 -559
X, Y:: -830 -558
X, Y:: -831 -557
X, Y:: -831 -556
X, Y:: -832 -555
X, Y:: -833 -554
X, Y:: -833 -553
X, Y:: -834 -552
X, Y:: -835 -551
X, Y:: -835 -550
X, Y:: -836 -549
X, Y:: -836 -548
X, Y:: -837 -547
X, Y:: -838 -546
X, Y:: -838 -545
X, Y:: -839 -544
X, Y:: -840 -543
X, Y:: -840 -542
X, Y:: -841 -541
X, Y:: -842 -540
X, Y:: -842 -539
X, Y:: -843 -538
X, Y:: -844 -537
X, Y:: -844 -536
X, Y:: -845 -535
X, Y:: -845 -534
X, Y:: -846 -533
X, Y:: -847 -532
X, Y:: -847 -531
X, Y:: -848 -530
X, Y:: -849 -529
X, Y:: -849 -528
X, Y:: -850 -527
X, Y:: -850 -526
X, Y:: -851 -525
X, Y:: -852 -524
X, Y:: -852 -523
X, Y:: -853 -522
X, Y:: -854 -521
X, Y:: -854 -520
X, Y:: -855 -519
X, Y:: -855 -518
X, Y:: -856 -517
X, Y:: -857 -516
X, Y:: -857 -515
X, Y:: -858 -514
X, Y:: -858 -513
X, Y:: -859 -512
X, Y:: -860 -511
X, Y:: -860 -510
X, Y:: -861 -509
X, Y:: -861 -508
X, Y:: -862 -507
X, Y:: -863 -506
X, Y:: -863 -505
X, Y:: -864 -504
X, Y:: -864 -503
X, Y:: -865 -502
X, Y:: -865 -501
X, Y:: -866 -500
X, Y:: -867 -499
X, Y:: -867 -498
X, Y:: -868 -497
X, Y:: -868 -496
X, Y:: -869 -495
X, Y:: -869 -494
X, Y:: -870 -493
X, Y:: -871 -492
X, Y:: -871 -491
X, Y:: -872 -490
X, Y:: -872 -489
X, Y:: -873 -488
X, Y:: -873 -487
X, Y:: -874 -486
X, Y:: -875 -485
X, Y:: -875 -484
X, Y:: -876 -483
X, Y:: -876 -482
X, Y:: -877 -481
X, Y:: -877 -480
X, Y:: -878 -479
X, Y:: -878 -478
X, Y:: -879 -477
X, Y:: -879 -476
X, Y:: -880 -475
X, Y:: -881 -474
X, Y:: -881 -473
X, Y:: -882 -472
X, Y:: -882 -471
X, Y:: -883 -470
X, Y:: -883 -469
X, Y:: -884 -468
X, Y:: -884 -467
X, Y:: -885 -466
X, Y:: -885 -465
X, Y:: -886 -464
X, Y:: -886 -463
X, Y:: -887 -462
X, Y:: -887 -461
X, Y:: -888 -460
X, Y:: -888 -459
X, Y:: -889 -458
X, Y:: -889 -457
X, Y:: -890 -456
X, Y:: -890 -455
X, Y:: -891 -454
X, Y:: -892 -453
X, Y:: -892 -452
X, Y:: -893 -451
X, Y:: -893 -450
X, Y:: -894 -449
X, Y:: -894 -448
X, Y:: -895 -447
X, Y:: -895 -446
X, Y:: -896 -445
X, Y:: -896 -444
X, Y:: -897 -443
X, Y:: -897 -442
X, Y:: -898 -441
X, Y:: -898 -440
X, Y:: -898 -439
X, Y:: -899 -438
X, Y:: -899 -437
X, Y:: -900 -436
X, Y:: -900 -435
X, Y:: -901 -434
X, Y:: -901 -433
X, Y:: -902 -432
X, Y:: -902 -431
X, Y:: -903 -430
X, Y:: -903 -429
X, Y:: -904 -428
X, Y:: -904 -427
X, Y:: -905 -426
X, Y:: -905 -425
X, Y:: -906 -424
X, Y:: -906 -423
X, Y:: -907 -422
X, Y:: -907 -421
X, Y:: -908 -420
X, Y:: -908 -419
X, Y:: -908 -418
X, Y:: -909 -417
X, Y:: -909 -416
X, Y:: -910 -415
X, Y:: -910 -414
X, Y:: -911 -413
X, Y:: -911 -412
X, Y:: -912 -411
X, Y:: -912 -410
X, Y:: -913 -409
X, Y:: -913 -408
X, Y:: -913 -407
X, Y:: -914 -406
X, Y:: -914 -405
X, Y:: -915 -404
X, Y:: -915 -403
X, Y:: -916 -402
X, Y:: -916 -401
X, Y:: -917 -400
X, Y:: -917 -399
X, Y:: -917 -398
X, Y:: -918 -397
X, Y:: -918 -396
X, Y:: -919 -395
X, Y:: -919 -394
X, Y:: -920 -393
X, Y:: -920 -392
X, Y:: -920 -391
X, Y:: -921 -390
X, Y:: -921 -389
X, Y:: -922 -388
X, Y:: -922 -387
X, Y:: -922 -386
X, Y:: -923 -385
X, Y:: -923 -384
X, Y:: -924 -383
X, Y:: -924 -382
X, Y:: -925 -381
X, Y:: -925 -380
X, Y:: -925 -379
X, Y:: -926 -378
X, Y:: -926 -377
X, Y:: -927 -376
X, Y:: -927 -375
X, Y:: -927 -374
X, Y:: -928 -373
X, Y:: -928 -372
X, Y:: -929 -371
X, Y:: -929 -370
X, Y:: -929 -369
X, Y:: -930 -368
X, Y:: -930 -367
X, Y:: -931 -366
X, Y:: -931 -365
X, Y:: -931 -364
X, Y:: -932 -363
X, Y:: -932 -362
X, Y:: -933 -361
X, Y:: -933 -360
X, Y:: -933 -359
X, Y:: -934 -358
X, Y:: -934 -357
X, Y:: -934 -356
X, Y:: -935 -355
X, Y:: -935 -354
X, Y:: -936 -353
X, Y:: -936 -352
X, Y:: -936 -351
X, Y:: -937 -350
X, Y:: -937 -349
X, Y:: -937 -348
X, Y:: -938 -347
X, Y:: -938 -346
X, Y:: -939 -345
X, Y:: -939 -344
X, Y:: -939 -343
X, Y:: -940 -342
X, Y:: -940 -341
X, Y:: -940 -340
X, Y:: -941 -339
X, Y:: -941 -338
X, Y:: -942 -337
X, Y:: -942 -336
X, Y:: -942 -335
X, Y:: -943 -334
X, Y:: -943 -333
X, Y:: -943 -332
X, Y:: -944 -331
X, Y:: -944 -330
X, Y:: -944 -329
X, Y:: -945 -328
X, Y:: -945 -327
X, Y:: -945 -326
X, Y:: -946 -325
X, Y:: -946 -324
X, Y:: -946 -323
X, Y:: -947 -322
X, Y:: -947 -321
X, Y:: -947 -320
X, Y:: -948 -319
X, Y:: -948 -318
X, Y:: -948 -317
X, Y:: -949 -316
X, Y:: -949 -315
X, Y:: -949 -314
X, Y:: -950 -313
X, Y:: -950 -312
X, Y:: -950 -311
X, Y:: -951 -310
X, Y:: -951 -309
X, Y:: -951 -308
X, Y:: -952 -307
X, Y:: -952 -306
X, Y:: -952 -305
X, Y:: -953 -304
X, Y:: -953 -303
X, Y:: -953 -302
X, Y:: -954 -301
X, Y:: -954 -300
X, Y:: -954 -299
X, Y:: -955 -298
X, Y:: -955 -297
X, Y:: -955 -296
X, Y:: -955 -295
X, Y:: -956 -294
X, Y:: -956 -293
X, Y:: -956 -292
X, Y:: -957 -291
X, Y:: -957 -290
X, Y:: -957 -289
X, Y:: -958 -288
X, Y:: -958 -287
X, Y:: -958 -286
X, Y:: -959 -285
X, Y:: -959 -284
X, Y:: -959 -283
X, Y:: -959 -282
X, Y:: -960 -281
X, Y:: -960 -280
X, Y:: -960 -279
X, Y:: -961 -278
X, Y:: -961 -277
X, Y:: -961 -276
X, Y:: -961 -275
X, Y:: -962 -274
X, Y:: -962 -273
X, Y:: -962 -272
X, Y:: -963 -271
X, Y:: -963 -270
X, Y:: -963 -269
X, Y:: -963 -268
X, Y:: -964 -267
X, Y:: -964 -266
X, Y:: -964 -265
X, Y:: -965 -264
X, Y:: -965 -263
X, Y:: -965 -262
X, Y:: -965 -261
X, Y:: -966 -260
X, Y:: -966 -259
X, Y:: -966 -258
X, Y:: -966 -257
X, Y:: -967 -256
X, Y:: -967 -255
X, Y:: -967 -254
X, Y:: -967 -253
X, Y:: -968 -252
X, Y:: -968 -251
X, Y:: -968 -250
X, Y:: -969 -249
X, Y:: -969 -248
X, Y:: -969 -247
X, Y:: -969 -246
X, Y:: -970 -245
X, Y:: -970 -244
X, Y:: -970 -243
X, Y:: -970 -242
X, Y:: -971 -241
X, Y:: -971 -240
X, Y:: -971 -239
X, Y:: -971 -238
X, Y:: -972 -237
X, Y:: -972 -236
X, Y:: -972 -235
X, Y:: -972 -234
X, Y:: -972 -233
X, Y:: -973 -232
X, Y:: -973 -231
X, Y:: -973 -230
X, Y:: -973 -229
X, Y:: -974 -228
X, Y:: -974 -227
X, Y:: -974 -226
X, Y:: -974 -225
X, Y:: -975 -224
X, Y:: -975 -223
X, Y:: -975 -222
X, Y:: -975 -221
X, Y:: -975 -220
X, Y:: -976 -219
X, Y:: -976 -218
X, Y:: -976 -217
X, Y:: -976 -216
X, Y:: -977 -215
X, Y:: -977 -214
X, Y:: -977 -213
X, Y:: -977 -212
X, Y:: -977 -211
X, Y:: -978 -210
X, Y:: -978 -209
X, Y:: -978 -208
X, Y:: -978 -207
X, Y:: -979 -206
X, Y:: -979 -205
X, Y:: -979 -204
X, Y:: -979 -203
X, Y:: -979 -202
X, Y:: -980 -201
X, Y:: -980 -200
X, Y:: -980 -199
X, Y:: -980 -198
X, Y:: -980 -197
X, Y:: -981 -196
X, Y:: -981 -195
X, Y:: -981 -194
X, Y:: -981 -193
X, Y:: -981 -192
X, Y:: -982 -191
X, Y:: -982 -190
X, Y:: -982 -189
X, Y:: -982 -188
X, Y:: -982 -187
X, Y:: -983 -186
X, Y:: -983 -185
X, Y:: -983 -184
X, Y:: -983 -183
X, Y:: -983 -182
X, Y:: -983 -181
X, Y:: -984 -180
X, Y:: -984 -179
X, Y:: -984 -178
X, Y:: -984 -177
X, Y:: -984 -176
X, Y:: -985 -175
X, Y:: -985 -174
X, Y:: -985 -173
X, Y:: -985 -172
X, Y:: -985 -171
X, Y:: -985 -170
X, Y:: -986 -169
X, Y:: -986 -168
X, Y:: -986 -167
X, Y:: -986 -166
X, Y:: -986 -165
X, Y:: -986 -164
X, Y:: -987 -163
X, Y:: -987 -162
X, Y:: -987 -161
X, Y:: -987 -160
X, Y:: -987 -159
X, Y:: -987 -158
X, Y:: -988 -157
X, Y:: -988 -156
X, Y:: -988 -155
X, Y:: -988 -154
X, Y:: -988 -153
X, Y:: -988 -152
X, Y:: -989 -151
X, Y:: -989 -150
X, Y:: -989 -149
X, Y:: -989 -148
X, Y:: -989 -147
X, Y:: -989 -146
X, Y:: -989 -145
X, Y:: -990 -144
X, Y:: -990 -143
X, Y:: -990 -142
X, Y:: -990 -141
X, Y:: -990 -140
X, Y:: -990 -139
X, Y:: -990 -138
X, Y:: -991 -137
X, Y:: -991 -136
X, Y:: -991 -135
X, Y:: -991 -134
X, Y:: -991 -133
X, Y:: -991 -132
X, Y:: -991 -131
X, Y:: -992 -130
X, Y:: -992 -129
X, Y:: -992 -128
X, Y:: -992 -127
X, Y:: -992 -126
X, Y:: -992 -125
X, Y:: -992 -124
X, Y:: -992 -123
X, Y:: -993 -122
X, Y:: -993 -121
X, Y:: -993 -120
X, Y:: -993 -119
X, Y:: -993 -118
X, Y:: -993 -117
X, Y:: -993 -116
X, Y:: -993 -115
X, Y:: -993 -114
X, Y:: -994 -113
X, Y:: -994 -112
X, Y:: -994 -111
X, Y:: -994 -110
X, Y:: -994 -109
X, Y:: -994 -108
X, Y:: -994 -107
X, Y:: -994 -106
X, Y:: -994 -105
X, Y:: -995 -104
X, Y:: -995 -103
X, Y:: -995 -102
X, Y:: -995 -101
X, Y:: -995 -100
X, Y:: -995 -99
X, Y:: -995 -98
X, Y:: -995 -97
X, Y:: -995 -96
X, Y:: -995 -95
X, Y:: -996 -94
X, Y:: -996 -93
X, Y:: -996 -92
X, Y:: -996 -91
X, Y:: -996 -90
X, Y:: -996 -89
X, Y:: -996 -88
X, Y:: -996 -87
X, Y:: -996 -86
X, Y:: -996 -85
X, Y:: -996 -84
X, Y:: -997 -83
X, Y:: -997 -82
X, Y:: -997 -81
X, Y:: -997 -80
X, Y:: -997 -79
X, Y:: -997 -78
X, Y:: -997 -77
X, Y:: -997 -76
X, Y:: -997 -75
X, Y:: -997 -74
X, Y:: -997 -73
X, Y:: -997 -72
X, Y:: -997 -71
X, Y:: -998 -70
X, Y:: -998 -69
X, Y:: -998 -68
X, Y:: -998 -67
X, Y:: -998 -66
X, Y:: -998 -65
X, Y:: -998 -64
X, Y:: -998 -63
X, Y:: -998 -62
X, Y:: -998 -61
X, Y:: -998 -60
X, Y:: -998 -59
X, Y:: -998 -58
X, Y:: -998 -57
X, Y:: -998 -56
X, Y:: -998 -55
X, Y:: -999 -54
X, Y:: -999 -53
X, Y:: -999 -52
X, Y:: -999 -51
X, Y:: -999 -50
X, Y:: -999 -49
X, Y:: -999 -48
X, Y:: -999 -47
X, Y:: -999 -46
X, Y:: -999 -45
X, Y:: -999 -44
X, Y:: -999 -43
X, Y:: -999 -42
X, Y:: -999 -41
X, Y:: -999 -40
X, Y:: -999 -39
X, Y:: -999 -38
X, Y:: -999 -37
X, Y:: -999 -36
X, Y:: -999 -35
X, Y:: -999 -34
X, Y:: -999 -33
X, Y:: -999 -32
X, Y:: -1000 -31
X, Y:: -1000 -30
X, Y:: -1000 -29
X, Y:: -1000 -28
X, Y:: -1000 -27
X, Y:: -1000 -26
X, Y:: -1000 -25
X, Y:: -1000 -24
X, Y:: -1000 -23
X, Y:: -1000 -22
X, Y:: -1000 -21
X, Y:: -1000 -20
X, Y:: -1000 -19
X, Y:: -1000 -18
X, Y:: -1000 -17
X, Y:: -1000 -16
X, Y:: -1000 -15
X, Y:: -1000 -14
X, Y:: -1000 -13
X, Y:: -1000 -12
X, Y:: -1000 -11
X, Y:: -1000 -10
X, Y:: -1000 -9
X, Y:: -1000 -8
X, Y:: -1000 -7
X, Y:: -1000 -6
X, Y:: -1000 -5
X, Y:: -1000 -4
X, Y:: -1000 -3
X, Y:: -1000 -2
X, Y:: -1000 -1
X, Y:: -1000 0
D7!
DEBUG (radius, decision, start_x, start_y, x_increment, y_increment, current_slope, independent, dependent, decision factor, ((float)PI/2.0 - abs(current_slope))), decision(if):: 1000 -1997.00 -1000 0 0 0 3.14 0 -1000 1 -1.57 1
X, Y:: -1000 1
X, Y:: -1000 2
X, Y:: -1000 3
X, Y:: -1000 4
X, Y:: -1000 5
X, Y:: -1000 6
X, Y:: -1000 7
X, Y:: -1000 8
X, Y:: -1000 9
X, Y:: -1000 10
X, Y:: -1000 11
X, Y:: -1000 12
X, Y:: -1000 13
X, Y:: -1000 14
X, Y:: -1000 15
X, Y:: -1000 16
X, Y:: -1000 17
X, Y:: -1000 18
X, Y:: -1000 19
X, Y:: -1000 20
X, Y:: -1000 21
X, Y:: -1000 22
X, Y:: -1000 23
X, Y:: -1000 24
X, Y:: -1000 25
X, Y:: -1000 26
X, Y:: -1000 27
X, Y:: -1000 28
X, Y:: -1000 29
X, Y:: -1000 30
X, Y:: -1000 31
X, Y:: -999 32
X, Y:: -999 33
X, Y:: -999 34
X, Y:: -999 35
X, Y:: -999 36
X, Y:: -999 37
X, Y:: -999 38
X, Y:: -999 39
X, Y:: -999 40
X, Y:: -999 41
X, Y:: -999 42
X, Y:: -999 43
X, Y:: -999 44
X, Y:: -999 45
X, Y:: -999 46
X, Y:: -999 47
X, Y:: -999 48
X, Y:: -999 49
X, Y:: -999 50
X, Y:: -999 51
X, Y:: -999 52
X, Y:: -999 53
X, Y:: -999 54
X, Y:: -998 55
X, Y:: -998 56
X, Y:: -998 57
X, Y:: -998 58
X, Y:: -998 59
X, Y:: -998 60
X, Y:: -998 61
X, Y:: -998 62
X, Y:: -998 63
X, Y:: -998 64
X, Y:: -998 65
X, Y:: -998 66
X, Y:: -998 67
X, Y:: -998 68
X, Y:: -998 69
X, Y:: -998 70
X, Y:: -997 71
X, Y:: -997 72
X, Y:: -997 73
X, Y:: -997 74
X, Y:: -997 75
X, Y:: -997 76
X, Y:: -997 77
X, Y:: -997 78
X, Y:: -997 79
X, Y:: -997 80
X, Y:: -997 81
X, Y:: -997 82
X, Y:: -997 83
X, Y:: -996 84
X, Y:: -996 85
X, Y:: -996 86
X, Y:: -996 87
X, Y:: -996 88
X, Y:: -996 89
X, Y:: -996 90
X, Y:: -996 91
X, Y:: -996 92
X, Y:: -996 93
X, Y:: -996 94
X, Y:: -995 95
X, Y:: -995 96
X, Y:: -995 97
X, Y:: -995 98
X, Y:: -995 99
X, Y:: -995 100
X, Y:: -995 101
X, Y:: -995 102
X, Y:: -995 103
X, Y:: -995 104
X, Y:: -994 105
X, Y:: -994 106
X, Y:: -994 107
X, Y:: -994 108
X, Y:: -994 109
X, Y:: -994 110
X, Y:: -994 111
X, Y:: -994 112
X, Y:: -994 113
X, Y:: -993 114
X, Y:: -993 115
X, Y:: -993 116
X, Y:: -993 117
X, Y:: -993 118
X, Y:: -993 119
X, Y:: -993 120
X, Y:: -993 121
X, Y:: -993 122
X, Y:: -992 123
X, Y:: -992 124
X, Y:: -992 125
X, Y:: -992 126
X, Y:: -992 127
X, Y:: -992 128
X, Y:: -992 129
X, Y:: -992 130
X, Y:: -991 131
X, Y:: -991 132
X, Y:: -991 133
X, Y:: -991 134
X, Y:: -991 135
X, Y:: -991 136
X, Y:: -991 137
X, Y:: -990 138
X, Y:: -990 139
X, Y:: -990 140
X, Y:: -990 141
X, Y:: -990 142
X, Y:: -990 143
X, Y:: -990 144
X, Y:: -989 145
X, Y:: -989 146
X, Y:: -989 147
X, Y:: -989 148
X, Y:: -989 149
X, Y:: -989 150
X, Y:: -989 151
X, Y:: -988 152
X, Y:: -988 153
X, Y:: -988 154
X, Y:: -988 155
X, Y:: -988 156
X, Y:: -988 157
X, Y:: -987 158
X, Y:: -987 159
X, Y:: -987 160
X, Y:: -987 161
X, Y:: -987 162
X, Y:: -987 163
X, Y:: -986 164
X, Y:: -986 165
X, Y:: -986 166
X, Y:: -986 167
X, Y:: -986 168
X, Y:: -986 169
X, Y:: -985 170
X, Y:: -985 171
X, Y:: -985 172
X, Y:: -985 173
X, Y:: -985 174
X, Y:: -985 175
X, Y:: -984 176
X, Y:: -984 177
X, Y:: -984 178
X, Y:: -984 179
X, Y:: -984 180
X, Y:: -983 181
X, Y:: -983 182
X, Y:: -983 183
X, Y:: -983 184
X, Y:: -983 185
X, Y:: -983 186
X, Y:: -982 187
X, Y:: -982 188
X, Y:: -982 189
X, Y:: -982 190
X, Y:: -982 191
X, Y:: -981 192
X, Y:: -981 193
X, Y:: -981 194
X, Y:: -981 195
X, Y:: -981 196
X, Y:: -980 197
X, Y:: -980 198
X, Y:: -980 199
X, Y:: -980 200
X, Y:: -980 201
X, Y:: -979 202
X, Y:: -979 203
X, Y:: -979 204
X, Y:: -979 205
X, Y:: -979 206
X, Y:: -978 207
X, Y:: -978 208
X, Y:: -978 209
X, Y:: -978 210
X, Y:: -977 211
X, Y:: -977 212
X, Y:: -977 213
X, Y:: -977 214
X, Y:: -977 215
X, Y:: -976 216
X, Y:: -976 217
X, Y:: -976 218
X, Y:: -976 219
X, Y:: -975 220
X, Y:: -975 221
X, Y:: -975 222
X, Y:: -975 223
X, Y:: -975 224
X, Y:: -974 225
X, Y:: -974 226
X, Y:: -974 227
X, Y:: -974 228
X, Y:: -973 229
X, Y:: -973 230
X, Y:: -973 231
X, Y:: -973 232
X, Y:: -972 233
X, Y:: -972 234
X, Y:: -972 235
X, Y:: -972 236
X, Y:: -972 237
X, Y:: -971 238
X, Y:: -971 239
X, Y:: -971 240
X, Y:: -971 241
X, Y:: -970 242
X, Y:: -970 243
X, Y:: -970 244
X, Y:: -970 245
X, Y:: -969 246
X, Y:: -969 247
X, Y:: -969 248
X, Y:: -969 249
X, Y:: -968 250
X, Y:: -968 251
X, Y:: -968 252
X, Y:: -967 253
X, Y:: -967 254
X, Y:: -967 255
X, Y:: -967 256
X, Y:: -966 257
X, Y:: -966 258
X, Y:: -966 259
X, Y:: -966 260
X, Y:: -965 261
X, Y:: -965 262
X, Y:: -965 263
X, Y:: -965 264
X, Y:: -964 265
X, Y:: -964 266
X, Y:: -964 267
X, Y:: -963 268
X, Y:: -963 269
X, Y:: -963 270
X, Y:: -963 271
X, Y:: -962 272
X, Y:: -962 273
X, Y:: -962 274
X, Y:: -961 275
X, Y:: -961 276
X, Y:: -961 277
X, Y:: -961 278
X, Y:: -960 279
X, Y:: -960 280
X, Y:: -960 281
X, Y:: -959 282
X, Y:: -959 283
X, Y:: -959 284
X, Y:: -959 285
X, Y:: -958 286
X, Y:: -958 287
X, Y:: -958 288
X, Y:: -957 289
X, Y:: -957 290
X, Y:: -957 291
X, Y:: -956 292
X, Y:: -956 293
X, Y:: -956 294
X, Y:: -955 295
X, Y:: -955 296
X, Y:: -955 297
X, Y:: -955 298
X, Y:: -954 299
X, Y:: -954 300
X, Y:: -954 301
X, Y:: -953 302
X, Y:: -953 303
X, Y:: -953 304
X, Y:: -952 305
X, Y:: -952 306
X, Y:: -952 307
X, Y:: -951 308
X, Y:: -951 309
X, Y:: -951 310
X, Y:: -950 311
X, Y:: -950 312
X, Y:: -950 313
X, Y:: -949 314
X, Y:: -949 315
X, Y:: -949 316
X, Y:: -948 317
X, Y:: -948 318
X, Y:: -948 319
X, Y:: -947 320
X, Y:: -947 321
X, Y:: -947 322
X, Y:: -946 323
X, Y:: -946 324
X, Y:: -946 325
X, Y:: -945 326
X, Y:: -945 327
X, Y:: -945 328
X, Y:: -944 329
X, Y:: -944 330
X, Y:: -944 331
X, Y:: -943 332
X, Y:: -943 333
X, Y:: -943 334
X, Y:: -942 335
X, Y:: -942 336
X, Y:: -942 337
X, Y:: -941 338
X, Y:: -941 339
X, Y:: -940 340
X, Y:: -940 341
X, Y:: -940 342
X, Y:: -939 343
X, Y:: -939 344
X, Y:: -939 345
X, Y:: -938 346
X, Y:: -938 347
X, Y:: -937 348
X, Y:: -937 349
X, Y:: -937 350
X, Y:: -936 351
X, Y:: -936 352
X, Y:: -936 353
X, Y:: -935 354
X, Y:: -935 355
X, Y:: -934 356
X, Y:: -934 357
X, Y:: -934 358
X, Y:: -933 359
X, Y:: -933 360
X, Y:: -933 361
X, Y:: -932 362
X, Y:: -932 363
X, Y:: -931 364
X, Y:: -931 365
X, Y:: -931 366
X, Y:: -930 367
X, Y:: -930 368
X, Y:: -929 369
X, Y:: -929 370
X, Y:: -929 371
X, Y:: -928 372
X, Y:: -928 373
X, Y:: -927 374
X, Y:: -927 375
X, Y:: -927 376
X, Y:: -926 377
X, Y:: -926 378
X, Y:: -925 379
X, Y:: -925 380
X, Y:: -925 381
X, Y:: -924 382
X, Y:: -924 383
X, Y:: -923 384
X, Y:: -923 385
X, Y:: -922 386
X, Y:: -922 387
X, Y:: -922 388
X, Y:: -921 389
X, Y:: -921 390
X, Y:: -920 391
X, Y:: -920 392
X, Y:: -920 393
X, Y:: -919 394
X, Y:: -919 395
X, Y:: -918 396
X, Y:: -918 397
X, Y:: -917 398
X, Y:: -917 399
X, Y:: -917 400
X, Y:: -916 401
X, Y:: -916 402
X, Y:: -915 403
X, Y:: -915 404
X, Y:: -914 405
X, Y:: -914 406
X, Y:: -913 407
X, Y:: -913 408
X, Y:: -913 409
X, Y:: -912 410
X, Y:: -912 411
X, Y:: -911 412
X, Y:: -911 413
X, Y:: -910 414
X, Y:: -910 415
X, Y:: -909 416
X, Y:: -909 417
X, Y:: -908 418
X, Y:: -908 419
X, Y:: -908 420
X, Y:: -907 421
X, Y:: -907 422
X, Y:: -906 423
X, Y:: -906 424
X, Y:: -905 425
X, Y:: -905 426
X, Y:: -904 427
X, Y:: -904 428
X, Y:: -903 429
X, Y:: -903 430
X, Y:: -902 431
X, Y:: -902 432
X, Y:: -901 433
X, Y:: -901 434
X, Y:: -900 435
X, Y:: -900 436
X, Y:: -899 437
X, Y:: -899 438
X, Y:: -898 439
X, Y:: -898 440
X, Y:: -898 441
X, Y:: -897 442
X, Y:: -897 443
X, Y:: -896 444
X, Y:: -896 445
X, Y:: -895 446
X, Y:: -895 447
X, Y:: -894 448
X, Y:: -894 449
X, Y:: -893 450
X, Y:: -893 451
X, Y:: -892 452
X, Y:: -892 453
X, Y:: -891 454
X, Y:: -890 455
X, Y:: -890 456
X, Y:: -889 457
X, Y:: -889 458
X, Y:: -888 459
X, Y:: -888 460
X, Y:: -887 461
X, Y:: -887 462
X, Y:: -886 463
X, Y:: -886 464
X, Y:: -885 465
X, Y:: -885 466
X, Y:: -884 467
X, Y:: -884 468
X, Y:: -883 469
X, Y:: -883 470
X, Y:: -882 471
X, Y:: -882 472
X, Y:: -881 473
X, Y:: -881 474
X, Y:: -880 475
X, Y:: -879 476
X, Y:: -879 477
X, Y:: -878 478
X, Y:: -878 479
X, Y:: -877 480
X, Y:: -877 481
X, Y:: -876 482
X, Y:: -876 483
X, Y:: -875 484
X, Y:: -875 485
X, Y:: -874 486
X, Y:: -873 487
X, Y:: -873 488
X, Y:: -872 489
X, Y:: -872 490
X, Y:: -871 491
X, Y:: -871 492
X, Y:: -870 493
X, Y:: -869 494
X, Y:: -869 495
X, Y:: -868 496
X, Y:: -868 497
X, Y:: -867 498
X, Y:: -867 499
X, Y:: -866 500
X, Y:: -865 501
X, Y:: -865 502
X, Y:: -864 503
X, Y:: -864 504
X, Y:: -863 505
X, Y:: -863 506
X, Y:: -862 507
X, Y:: -861 508
X, Y:: -861 509
X, Y:: -860 510
X, Y:: -860 511
X, Y:: -859 512
X, Y:: -858 513
X, Y:: -858 514
X, Y:: -857 515
X, Y:: -857 516
X, Y:: -856 517
X, Y:: -855 518
X, Y:: -855 519
X, Y:: -854 520
X, Y:: -854 521
X, Y:: -853 522
X, Y:: -852 523
X, Y:: -852 524
X, Y:: -851 525
X, Y:: -850 526
X, Y:: -850 527
X, Y:: -849 528
X, Y:: -849 529
X, Y:: -848 530
X, Y:: -847 531
X, Y:: -847 532
X, Y:: -846 533
X, Y:: -845 534
X, Y:: -845 535
X, Y:: -844 536
X, Y:: -844 537
X, Y:: -843 538
X, Y:: -842 539
X, Y:: -842 540
X, Y:: -841 541
X, Y:: -840 542
X, Y:: -840 543
X, Y:: -839 544
X, Y:: -838 545
X, Y:: -838 546
X, Y:: -837 547
X, Y:: -836 548
X, Y:: -836 549
X, Y:: -835 550
X, Y:: -835 551
X, Y:: -834 552
X, Y:: -833 553
X, Y:: -833 554
X, Y:: -832 555
X, Y:: -831 556
X, Y:: -831 557
X, Y:: -830 558
X, Y:: -829 559
X, Y:: -828 560
X, Y:: -828 561
X, Y:: -827 562
X, Y:: -826 563
X, Y:: -826 564
X, Y:: -825 565
X, Y:: -824 566
X, Y:: -824 567
X, Y:: -823 568
X, Y:: -822 569
X, Y:: -822 570
X, Y:: -821 571
X, Y:: -820 572
X, Y:: -820 573
X, Y:: -819 574
X, Y:: -818 575
X, Y:: -817 576
X, Y:: -817 577
X, Y:: -816 578
X, Y:: -815 579
X, Y:: -815 580
X, Y:: -814 581
X, Y:: -813 582
X, Y:: -812 583
X, Y:: -812 584
X, Y:: -811 585
X, Y:: -810 586
X, Y:: -810 587
X, Y:: -809 588
X, Y:: -808 589
X, Y:: -807 590
X, Y:: -807 591
X, Y:: -806 592
X, Y:: -805 593
X, Y:: -804 594
X, Y:: -804 595
X, Y:: -803 596
X, Y:: -802 597
X, Y:: -801 598
X, Y:: -801 599
X, Y:: -800 600
X, Y:: -799 601
X, Y:: -798 602
X, Y:: -798 603
X, Y:: -797 604
X, Y:: -796 605
X, Y:: -795 606
X, Y:: -795 607
X, Y:: -794 608
X, Y:: -793 609
X, Y:: -792 610
X, Y:: -792 611
X, Y:: -791 612
X, Y:: -790 613
X, Y:: -789 614
X, Y:: -789 615
X, Y:: -788 616
X, Y:: -787 617
X, Y:: -786 618
X, Y:: -785 619
X, Y:: -785 620
X, Y:: -784 621
X, Y:: -783 622
X, Y:: -782 623
X, Y:: -781 624
X, Y:: -781 625
X, Y:: -780 626
X, Y:: -779 627
X, Y:: -778 628
X, Y:: -777 629
X, Y:: -777 630
X, Y:: -776 631
X, Y:: -775 632
X, Y:: -774 633
X, Y:: -773 634
X, Y:: -773 635
X, Y:: -772 636
X, Y:: -771 637
X, Y:: -770 638
X, Y:: -769 639
X, Y:: -768 640
X, Y:: -768 641
X, Y:: -767 642
X, Y:: -766 643
X, Y:: -765 644
X, Y:: -764 645
X, Y:: -763 646
X, Y:: -762 647
X, Y:: -762 648
X, Y:: -761 649
X, Y:: -760 650
X, Y:: -759 651
X, Y:: -758 652
X, Y:: -757 653
X, Y:: -756 654
X, Y:: -756 655
X, Y:: -755 656
X, Y:: -754 657
X, Y:: -753 658
X, Y:: -752 659
X, Y:: -751 660
X, Y:: -750 661
X, Y:: -750 662
X, Y:: -749 663
X, Y:: -748 664
X, Y:: -747 665
X, Y:: -746 666
X, Y:: -745 667
X, Y:: -744 668
X, Y:: -743 669
X, Y:: -742 670
X, Y:: -741 671
X, Y:: -741 672
X, Y:: -740 673
X, Y:: -739 674
X, Y:: -738 675
X, Y:: -737 676
X, Y:: -736 677
X, Y:: -735 678
X, Y:: -734 679
X, Y:: -733 680
X, Y:: -732 681
X, Y:: -731 682
X, Y:: -730 683
X, Y:: -729 684
X, Y:: -729 685
X, Y:: -728 686
X, Y:: -727 687
X, Y:: -726 688
X, Y:: -725 689
X, Y:: -724 690
X, Y:: -723 691
X, Y:: -722 692
X, Y:: -721 693
X, Y:: -720 694
X, Y:: -719 695
X, Y:: -718 696
X, Y:: -717 697
X, Y:: -716 698
X, Y:: -715 699
X, Y:: -714 700
X, Y:: -713 701
X, Y:: -712 702
X, Y:: -711 703
X, Y:: -710 704
X, Y:: -709 705
X, Y:: -708 706
X, Y:: -707 707
X, Y:: -706 708
D7!
DEBUG (radius, decision, start_x, start_y, x_increment, y_increment, current_slope, independent, dependent, decision factor, ((float)PI/2.0 - abs(current_slope))), decision(if):: 1000 -2005.00 -706 708 0 0 2.35 -706 708 -1 -0.78 1
X, Y:: -705 709
X, Y:: -704 710
X, Y:: -703 711
X, Y:: -702 712
X, Y:: -701 713
X, Y:: -700 714
X, Y:: -699 715
X, Y:: -698 716
X, Y:: -697 717
X, Y:: -696 718
X, Y:: -695 719
X, Y:: -694 720
X, Y:: -693 721
X, Y:: -692 722
X, Y:: -691 723
X, Y:: -690 724
X, Y:: -689 725
X, Y:: -688 726
X, Y:: -687 727
X, Y:: -686 728
X, Y:: -685 729
X, Y:: -684 729
X, Y:: -683 730
X, Y:: -682 731
X, Y:: -681 732
X, Y:: -680 733
X, Y:: -679 734
X, Y:: -678 735
X, Y:: -677 736
X, Y:: -676 737
X, Y:: -675 738
X, Y:: -674 739
X, Y:: -673 740
X, Y:: -672 741
X, Y:: -671 741
X, Y:: -670 742
X, Y:: -669 743
X, Y:: -668 744
X, Y:: -667 745
X, Y:: -666 746
X, Y:: -665 747
X, Y:: -664 748
X, Y:: -663 749
X, Y:: -662 750
X, Y:: -661 750
X, Y:: -660 751
X, Y:: -659 752
X, Y:: -658 753
X, Y:: -657 754
X, Y:: -656 755
X, Y:: -655 756
X, Y:: -654 756
X, Y:: -653 757
X, Y:: -652 758
X, Y:: -651 759
X, Y:: -650 760
X, Y:: -649 761
X, Y:: -648 762
X, Y:: -647 762
X, Y:: -646 763
X, Y:: -645 764
X, Y:: -644 765
X, Y:: -643 766
X, Y:: -642 767
X, Y:: -641 768
X, Y:: -640 768
X, Y:: -639 769
X, Y:: -638 770
X, Y:: -637 771
X, Y:: -636 772
X, Y:: -635 773
X, Y:: -634 773
X, Y:: -633 774
X, Y:: -632 775
X, Y:: -631 776
X, Y:: -630 777
X, Y:: -629 777
X, Y:: -628 778
X, Y:: -627 779
X, Y:: -626 780
X, Y:: -625 781
X, Y:: -624 781
X, Y:: -623 782
X, Y:: -622 783
X, Y:: -621 784
X, Y:: -620 785
X, Y:: -619 785
X, Y:: -618 786
X, Y:: -617 787
X, Y:: -616 788
X, Y:: -615 789
X, Y:: -614 789
X, Y:: -613 790
X, Y:: -612 791
X, Y:: -611 792
X, Y:: -610 792
X, Y:: -609 793
X, Y:: -608 794
X, Y:: -607 795
X, Y:: -606 795
X, Y:: -605 796
X, Y:: -604 797
X, Y:: -603 798
X, Y:: -602 798
X, Y:: -601 799
X, Y:: -600 800
X, Y:: -599 801
X, Y:: -598 801
X, Y:: -597 802
X, Y:: -596 803
X, Y:: -595 804
X, Y:: -594 804
X, Y:: -593 805
X, Y:: -592 806
X, Y:: -591 807
X, Y:: -590 807
X, Y:: -589 808
X, Y:: -588 809
X, Y:: -587 810
X, Y:: -586 810
X, Y:: -585 811
X, Y:: -584 812
X, Y:: -583 812
X, Y:: -582 813
X, Y:: -581 814
X, Y:: -580 815
X, Y:: -579 815
X, Y:: -578 816
X, Y:: -577 817
X, Y:: -576 817
X, Y:: -575 818
X, Y:: -574 819
X, Y:: -573 820
X, Y:: -572 820
X, Y:: -571 821
X, Y:: -570 822
X, Y:: -569 822
X, Y:: -568 823
X, Y:: -567 824
X, Y:: -566 824
X, Y:: -565 825
X, Y:: -564 826
X, Y:: -563 826
X, Y:: -562 827
X, Y:: -561 828
X, Y:: -560 828
X, Y:: -559 829
X, Y:: -558 830
X, Y:: -557 831
X, Y:: -556 831
X, Y:: -555 832
X, Y:: -554 833
X, Y:: -553 833
X, Y:: -552 834
X, Y:: -551 835
X, Y:: -550 835
X, Y:: -549 836
X, Y:: -548 836
X, Y:: -547 837
X, Y:: -546 838
X, Y:: -545 838
X, Y:: -544 839
X, Y:: -543 840
X, Y:: -542 840
X, Y:: -541 841
X, Y:: -540 842
X, Y:: -539 842
X, Y:: -538 843
X, Y:: -537 844
X, Y:: -536 844
X, Y:: -535 845
X, Y:: -534 845
X, Y:: -533 846
X, Y:: -532 847
X, Y:: -531 847
X, Y:: -530 848
X, Y:: -529 849
X, Y:: -528 849
X, Y:: -527 850
X, Y:: -526 850
X, Y:: -525 851
X, Y:: -524 852
X, Y:: -523 852
X, Y:: -522 853
X, Y:: -521 854
X, Y:: -520 854
X, Y:: -519 855
X, Y:: -518 855
X, Y:: -517 856
X, Y:: -516 857
X, Y:: -515 857
X, Y:: -514 858
X, Y:: -513 858
X, Y:: -512 859
X, Y:: -511 860
X, Y:: -510 860
X, Y:: -509 861
X, Y:: -508 861
X, Y:: -507 862
X, Y:: -506 863
X, Y:: -505 863
X, Y:: -504 864
X, Y:: -503 864
X, Y:: -502 865
X, Y:: -501 865
X, Y:: -500 866
X, Y:: -499 867
X, Y:: -498 867
X, Y:: -497 868
X, Y:: -496 868
X, Y:: -495 869
X, Y:: -494 869
X, Y:: -493 870
X, Y:: -492 871
X, Y:: -491 871
X, Y:: -490 872
X, Y:: -489 872
X, Y:: -488 873
X, Y:: -487 873
X, Y:: -486 874
X, Y:: -485 875
X, Y:: -484 875
X, Y:: -483 876
X, Y:: -482 876
X, Y:: -481 877
X, Y:: -480 877
X, Y:: -479 878
X, Y:: -478 878
X, Y:: -477 879
X, Y:: -476 879
X, Y:: -475 880
X, Y:: -474 881
X, Y:: -473 881
X, Y:: -472 882
X, Y:: -471 882
X, Y:: -470 883
X, Y:: -469 883
X, Y:: -468 884
X, Y:: -467 884
X, Y:: -466 885
X, Y:: -465 885
X, Y:: -464 886
X, Y:: -463 886
X, Y:: -462 887
X, Y:: -461 887
X, Y:: -460 888
X, Y:: -459 888
X, Y:: -458 889
X, Y:: -457 889
X, Y:: -456 890
X, Y:: -455 890
X, Y:: -454 891
X, Y:: -453 892
X, Y:: -452 892
X, Y:: -451 893
X, Y:: -450 893
X, Y:: -449 894
X, Y:: -448 894
X, Y:: -447 895
X, Y:: -446 895
X, Y:: -445 896
X, Y:: -444 896
X, Y:: -443 897
X, Y:: -442 897
X, Y:: -441 898
X, Y:: -440 898
X, Y:: -439 898
X, Y:: -438 899
X, Y:: -437 899
X, Y:: -436 900
X, Y:: -435 900
X, Y:: -434 901
X, Y:: -433 901
X, Y:: -432 902
X, Y:: -431 902
X, Y:: -430 903
X, Y:: -429 903
X, Y:: -428 904
X, Y:: -427 904
X, Y:: -426 905
X, Y:: -425 905
X, Y:: -424 906
X, Y:: -423 906
X, Y:: -422 907
X, Y:: -421 907
X, Y:: -420 908
X, Y:: -419 908
X, Y:: -418 908
X, Y:: -417 909
X, Y:: -416 909
X, Y:: -415 910
X, Y:: -414 910
X, Y:: -413 911
X, Y:: -412 911
X, Y:: -411 912
X, Y:: -410 912
X, Y:: -409 913
X, Y:: -408 913
X, Y:: -407 913
X, Y:: -406 914
X, Y:: -405 914
X, Y:: -404 915
X, Y:: -403 915
X, Y:: -402 916
X, Y:: -401 916
X, Y:: -400 917
X, Y:: -399 917
X, Y:: -398 917
X, Y:: -397 918
X, Y:: -396 918
X, Y:: -395 919
X, Y:: -394 919
X, Y:: -393 920
X, Y:: -392 920
X, Y:: -391 920
X, Y:: -390 921
X, Y:: -389 921
X, Y:: -388 922
X, Y:: -387 922
X, Y:: -386 922
X, Y:: -385 923
X, Y:: -384 923
X, Y:: -383 924
X, Y:: -382 924
X, Y:: -381 925
X, Y:: -380 925
X, Y:: -379 925
X, Y:: -378 926
X, Y:: -377 926
X, Y:: -376 927
X, Y:: -375 927
X, Y:: -374 927
X, Y:: -373 928
X, Y:: -372 928
X, Y:: -371 929
X, Y:: -370 929
X, Y:: -369 929
X, Y:: -368 930
X, Y:: -367 930
X, Y:: -366 931
X, Y:: -365 931
X, Y:: -364 931
X, Y:: -363 932
X, Y:: -362 932
X, Y:: -361 933
X, Y:: -360 933
X, Y:: -359 933
X, Y:: -358 934
X, Y:: -357 934
X, Y:: -356 934
X, Y:: -355 935
X, Y:: -354 935
X, Y:: -353 936
X, Y:: -352 936
X, Y:: -351 936
X, Y:: -350 937
X, Y:: -349 937
X, Y:: -348 937
X, Y:: -347 938
X, Y:: -346 938
X, Y:: -345 939
X, Y:: -344 939
X, Y:: -343 939
X, Y:: -342 940
X, Y:: -341 940
X, Y:: -340 940
X, Y:: -339 941
X, Y:: -338 941
X, Y:: -337 942
X, Y:: -336 942
X, Y:: -335 942
X, Y:: -334 943
X, Y:: -333 943
X, Y:: -332 943
X, Y:: -331 944
X, Y:: -330 944
X, Y:: -329 944
X, Y:: -328 945
X, Y:: -327 945
X, Y:: -326 945
X, Y:: -325 946
X, Y:: -324 946
X, Y:: -323 946
X, Y:: -322 947
X, Y:: -321 947
X, Y:: -320 947
X, Y:: -319 948
X, Y:: -318 948
X, Y:: -317 948
X, Y:: -316 949
X, Y:: -315 949
X, Y:: -314 949
X, Y:: -313 950
X, Y:: -312 950
X, Y:: -311 950
X, Y:: -310 951
X, Y:: -309 951
X, Y:: -308 951
X, Y:: -307 952
X, Y:: -306 952
X, Y:: -305 952
X, Y:: -304 953
X, Y:: -303 953
X, Y:: -302 953
X, Y:: -301 954
X, Y:: -300 954
X, Y:: -299 954
X, Y:: -298 955
X, Y:: -297 955
X, Y:: -296 955
X, Y:: -295 955
X, Y:: -294 956
X, Y:: -293 956
X, Y:: -292 956
X, Y:: -291 957
X, Y:: -290 957
X, Y:: -289 957
X, Y:: -288 958
X, Y:: -287 958
X, Y:: -286 958
X, Y:: -285 959
X, Y:: -284 959
X, Y:: -283 959
X, Y:: -282 959
X, Y:: -281 960
X, Y:: -280 960
X, Y:: -279 960
X, Y:: -278 961
X, Y:: -277 961
X, Y:: -276 961
X, Y:: -275 961
X, Y:: -274 962
X, Y:: -273 962
X, Y:: -272 962
X, Y:: -271 963
X, Y:: -270 963
X, Y:: -269 963
X, Y:: -268 963
X, Y:: -267 964
X, Y:: -266 964
X, Y:: -265 964
X, Y:: -264 965
X, Y:: -263 965
X, Y:: -262 965
X, Y:: -261 965
X, Y:: -260 966
X, Y:: -259 966
X, Y:: -258 966
X, Y:: -257 966
X, Y:: -256 967
X, Y:: -255 967
X, Y:: -254 967
X, Y:: -253 967
X, Y:: -252 968
X, Y:: -251 968
X, Y:: -250 968
X, Y:: -249 969
X, Y:: -248 969
X, Y:: -247 969
X, Y:: -246 969
X, Y:: -245 970
X, Y:: -244 970
X, Y:: -243 970
X, Y:: -242 970
X, Y:: -241 971
X, Y:: -240 971
X, Y:: -239 971
X, Y:: -238 971
X, Y:: -237 972
X, Y:: -236 972
X, Y:: -235 972
X, Y:: -234 972
X, Y:: -233 972
X, Y:: -232 973
X, Y:: -231 973
X, Y:: -230 973
X, Y:: -229 973
X, Y:: -228 974
X, Y:: -227 974
X, Y:: -226 974
X, Y:: -225 974
X, Y:: -224 975
X, Y:: -223 975
X, Y:: -222 975
X, Y:: -221 975
X, Y:: -220 975
X, Y:: -219 976
X, Y:: -218 976
X, Y:: -217 976
X, Y:: -216 976
X, Y:: -215 977
X, Y:: -214 977
X, Y:: -213 977
X, Y:: -212 977
X, Y:: -211 977
X, Y:: -210 978
X, Y:: -209 978
X, Y:: -208 978
X, Y:: -207 978
X, Y:: -206 979
X, Y:: -205 979
X, Y:: -204 979
X, Y:: -203 979
X, Y:: -202 979
X, Y:: -201 980
X, Y:: -200 980
X, Y:: -199 980
X, Y:: -198 980
X, Y:: -197 980
X, Y:: -196 981
X, Y:: -195 981
X, Y:: -194 981
X, Y:: -193 981
X, Y:: -192 981
X, Y:: -191 982
X, Y:: -190 982
X, Y:: -189 982
X, Y:: -188 982
X, Y:: -187 982
X, Y:: -186 983
X, Y:: -185 983
X, Y:: -184 983
X, Y:: -183 983
X, Y:: -182 983
X, Y:: -181 983
X, Y:: -180 984
X, Y:: -179 984
X, Y:: -178 984
X, Y:: -177 984
X, Y:: -176 984
X, Y:: -175 985
X, Y:: -174 985
X, Y:: -173 985
X, Y:: -172 985
X, Y:: -171 985
X, Y:: -170 985
X, Y:: -169 986
X, Y:: -168 986
X, Y:: -167 986
X, Y:: -166 986
X, Y:: -165 986
X, Y:: -164 986
X, Y:: -163 987
X, Y:: -162 987
X, Y:: -161 987
X, Y:: -160 987
X, Y:: -159 987
X, Y:: -158 987
X, Y:: -157 988
X, Y:: -156 988
X, Y:: -155 988
X, Y:: -154 988
X, Y:: -153 988
X, Y:: -152 988
X, Y:: -151 989
X, Y:: -150 989
X, Y:: -149 989
X, Y:: -148 989
X, Y:: -147 989
X, Y:: -146 989
X, Y:: -145 989
X, Y:: -144 990
X, Y:: -143 990
X, Y:: -142 990
X, Y:: -141 990
X, Y:: -140 990
X, Y:: -139 990
X, Y:: -138 990
X, Y:: -137 991
X, Y:: -136 991
X, Y:: -135 991
X, Y:: -134 991
X, Y:: -133 991
X, Y:: -132 991
X, Y:: -131 991
X, Y:: -130 992
X, Y:: -129 992
X, Y:: -128 992
X, Y:: -127 992
X, Y:: -126 992
X, Y:: -125 992
X, Y:: -124 992
X, Y:: -123 992
X, Y:: -122 993
X, Y:: -121 993
X, Y:: -120 993
X, Y:: -119 993
X, Y:: -118 993
X, Y:: -117 993
X, Y:: -116 993
X, Y:: -115 993
X, Y:: -114 993
X, Y:: -113 994
X, Y:: -112 994
X, Y:: -111 994
X, Y:: -110 994
X, Y:: -109 994
X, Y:: -108 994
X, Y:: -107 994
X, Y:: -106 994
X, Y:: -105 994
X, Y:: -104 995
X, Y:: -103 995
X, Y:: -102 995
X, Y:: -101 995
X, Y:: -100 995
X, Y:: -99 995
X, Y:: -98 995
X, Y:: -97 995
X, Y:: -96 995
X, Y:: -95 995
X, Y:: -94 996
X, Y:: -93 996
X, Y:: -92 996
X, Y:: -91 996
X, Y:: -90 996
X, Y:: -89 996
X, Y:: -88 996
X, Y:: -87 996
X, Y:: -86 996
X, Y:: -85 996
X, Y:: -84 996
X, Y:: -83 997
X, Y:: -82 997
X, Y:: -81 997
X, Y:: -80 997
X, Y:: -79 997
X, Y:: -78 997
X, Y:: -77 997
X, Y:: -76 997
X, Y:: -75 997
X, Y:: -74 997
X, Y:: -73 997
X, Y:: -72 997
X, Y:: -71 997
X, Y:: -70 998
X, Y:: -69 998
X, Y:: -68 998
X, Y:: -67 998
X, Y:: -66 998
X, Y:: -65 998
X, Y:: -64 998
X, Y:: -63 998
X, Y:: -62 998
X, Y:: -61 998
X, Y:: -60 998
X, Y:: -59 998
X, Y:: -58 998
X, Y:: -57 998
X, Y:: -56 998
X, Y:: -55 998
X, Y:: -54 999
X, Y:: -53 999
X, Y:: -52 999
X, Y:: -51 999
X, Y:: -50 999
X, Y:: -49 999
X, Y:: -48 999
X, Y:: -47 999
X, Y:: -46 999
X, Y:: -45 999
X, Y:: -44 999
X, Y:: -43 999
X, Y:: -42 999
X, Y:: -41 999
X, Y:: -40 999
X, Y:: -39 999
X, Y:: -38 999
X, Y:: -37 999
X, Y:: -36 999
X, Y:: -35 999
X, Y:: -34 999
X, Y:: -33 999
X, Y:: -32 999
X, Y:: -31 1000
X, Y:: -30 1000
X, Y:: -29 1000
X, Y:: -28 1000
X, Y:: -27 1000
X, Y:: -26 1000
X, Y:: -25 1000
X, Y:: -24 1000
X, Y:: -23 1000
X, Y:: -22 1000
X, Y:: -21 1000
X, Y:: -20 1000
X, Y:: -19 1000
X, Y:: -18 1000
X, Y:: -17 1000
X, Y:: -16 1000
X, Y:: -15 1000
X, Y:: -14 1000
X, Y:: -13 1000
X, Y:: -12 1000
X, Y:: -11 1000
X, Y:: -10 1000
X, Y:: -9 1000
X, Y:: -8 1000
X, Y:: -7 1000
X, Y:: -6 1000
X, Y:: -5 1000
X, Y:: -4 1000
X, Y:: -3 1000
X, Y:: -2 1000
X, Y:: -1 1000
X, Y:: 0 1000
